Using pre-set license
Built from '2021.3/staging' branch; Version is '2021.3.23f1 (213b516bf396) revision 2177873'; Using compiler version '192829333'; Build Type 'Release'
OS: 'Windows 11  (10.0.22621) 64bit CoreSingleLanguage' Language: 'en' Physical Memory: 16122 MB
BatchMode: 1, IsHumanControllingUs: 0, StartBugReporterOnCrash: 0, Is64bit: 1, IsPro: 1

COMMAND LINE ARGUMENTS:
C:\Program Files\Unity\Hub\Editor\2021.3.23f1\Editor\Unity.exe
-adb2
-batchMode
-noUpm
-name
AssetImportWorker0
-projectPath
C:/Users/user/Desktop/stuff/class/VR/Assignment/Planting-Sim
-logFile
Logs/AssetImportWorker0.log
-srvPort
50947
Successfully changed project path to: C:/Users/user/Desktop/stuff/class/VR/Assignment/Planting-Sim
C:/Users/user/Desktop/stuff/class/VR/Assignment/Planting-Sim
[UnityMemory] Configuration Parameters - Can be set up in boot.config
    "memorysetup-bucket-allocator-granularity=16"
    "memorysetup-bucket-allocator-bucket-count=8"
    "memorysetup-bucket-allocator-block-size=33554432"
    "memorysetup-bucket-allocator-block-count=8"
    "memorysetup-main-allocator-block-size=16777216"
    "memorysetup-thread-allocator-block-size=16777216"
    "memorysetup-gfx-main-allocator-block-size=16777216"
    "memorysetup-gfx-thread-allocator-block-size=16777216"
    "memorysetup-cache-allocator-block-size=4194304"
    "memorysetup-typetree-allocator-block-size=2097152"
    "memorysetup-profiler-bucket-allocator-granularity=16"
    "memorysetup-profiler-bucket-allocator-bucket-count=8"
    "memorysetup-profiler-bucket-allocator-block-size=33554432"
    "memorysetup-profiler-bucket-allocator-block-count=8"
    "memorysetup-profiler-allocator-block-size=16777216"
    "memorysetup-profiler-editor-allocator-block-size=1048576"
    "memorysetup-temp-allocator-size-main=16777216"
    "memorysetup-job-temp-allocator-block-size=2097152"
    "memorysetup-job-temp-allocator-block-size-background=1048576"
    "memorysetup-job-temp-allocator-reduction-small-platforms=262144"
    "memorysetup-temp-allocator-size-background-worker=32768"
    "memorysetup-temp-allocator-size-job-worker=262144"
    "memorysetup-temp-allocator-size-preload-manager=33554432"
    "memorysetup-temp-allocator-size-nav-mesh-worker=65536"
    "memorysetup-temp-allocator-size-audio-worker=65536"
    "memorysetup-temp-allocator-size-cloud-worker=32768"
    "memorysetup-temp-allocator-size-gi-baking-worker=262144"
    "memorysetup-temp-allocator-size-gfx=262144"
Player connection [12500] Host "[IP] 26.149.129.224 [Port] 0 [Flags] 2 [Guid] 644091750 [EditorId] 644091750 [Version] 1048832 [Id] WindowsEditor(7,BrianWong) [Debug] 1 [PackageName] WindowsEditor [ProjectName] Editor" joined multi-casting on [225.0.0.222:54997]...

Player connection [12500] Host "[IP] 26.149.129.224 [Port] 0 [Flags] 2 [Guid] 644091750 [EditorId] 644091750 [Version] 1048832 [Id] WindowsEditor(7,BrianWong) [Debug] 1 [PackageName] WindowsEditor [ProjectName] Editor" joined alternative multi-casting on [225.0.0.222:34997]...

Refreshing native plugins compatible for Editor in 75.67 ms, found 6 plugins.
Preloading 2 native plugins for Editor in 2.68 ms.
Initialize engine version: 2021.3.23f1 (213b516bf396)
[Subsystems] Discovering subsystems at path C:/Program Files/Unity/Hub/Editor/2021.3.23f1/Editor/Data/Resources/UnitySubsystems
[Subsystems] Discovering subsystems at path C:/Users/user/Desktop/stuff/class/VR/Assignment/Planting-Sim/Assets
GfxDevice: creating device client; threaded=0; jobified=0
Direct3D:
    Version:  Direct3D 11.0 [level 11.1]
    Renderer: NVIDIA GeForce RTX 3060 Laptop GPU (ID=0x2520)
    Vendor:   NVIDIA
    VRAM:     6009 MB
    Driver:   31.0.15.3141
Initialize mono
Mono path[0] = 'C:/Program Files/Unity/Hub/Editor/2021.3.23f1/Editor/Data/Managed'
Mono path[1] = 'C:/Program Files/Unity/Hub/Editor/2021.3.23f1/Editor/Data/MonoBleedingEdge/lib/mono/unityjit-win32'
Mono config path = 'C:/Program Files/Unity/Hub/Editor/2021.3.23f1/Editor/Data/MonoBleedingEdge/etc'
Using monoOptions --debugger-agent=transport=dt_socket,embedding=1,server=y,suspend=n,address=127.0.0.1:56456
Begin MonoManager ReloadAssembly
Registering precompiled unity dll's ...
Register platform support module: C:/Program Files/Unity/Hub/Editor/2021.3.23f1/Editor/Data/PlaybackEngines/WebGLSupport/UnityEditor.WebGL.Extensions.dll
Register platform support module: C:/Program Files/Unity/Hub/Editor/2021.3.23f1/Editor/Data/PlaybackEngines/AndroidPlayer/UnityEditor.Android.Extensions.dll
Register platform support module: C:/Program Files/Unity/Hub/Editor/2021.3.23f1/Editor/Data/PlaybackEngines/WindowsStandaloneSupport/UnityEditor.WindowsStandalone.Extensions.dll
Registered in 0.004061 seconds.
Native extension for WindowsStandalone target not found
Native extension for Android target not found
Android Extension - Scanning For ADB Devices 251 ms
Native extension for WebGL target not found
Refreshing native plugins compatible for Editor in 78.87 ms, found 6 plugins.
Preloading 2 native plugins for Editor in 0.15 ms.
Mono: successfully reloaded assembly
- Completed reload, in  0.851 seconds
Domain Reload Profiling:
	ReloadAssembly (851ms)
		BeginReloadAssembly (69ms)
			ExecutionOrderSort (0ms)
			DisableScriptedObjects (0ms)
			BackupInstance (0ms)
			ReleaseScriptingObjects (0ms)
			CreateAndSetChildDomain (1ms)
		EndReloadAssembly (699ms)
			LoadAssemblies (68ms)
			RebuildTransferFunctionScriptingTraits (0ms)
			SetupTypeCache (109ms)
			ReleaseScriptCaches (0ms)
			RebuildScriptCaches (27ms)
			SetupLoadedEditorAssemblies (516ms)
				LogAssemblyErrors (0ms)
				InitializePlatformSupportModulesInManaged (312ms)
				SetLoadedEditorAssemblies (0ms)
				RefreshPlugins (79ms)
				BeforeProcessingInitializeOnLoad (2ms)
				ProcessInitializeOnLoadAttributes (82ms)
				ProcessInitializeOnLoadMethodAttributes (40ms)
				AfterProcessingInitializeOnLoad (0ms)
				EditorAssembliesLoaded (0ms)
			ExecutionOrderSort2 (0ms)
			AwakeInstancesAfterBackupRestoration (0ms)
Platform modules already initialized, skipping
Registering precompiled user dll's ...
Registered in 0.006881 seconds.
Begin MonoManager ReloadAssembly
Symbol file LoadedFromMemory doesn't match image C:\Users\user\Desktop\stuff\class\VR\Assignment\Planting-Sim\Library\PackageCache\com.unity.visualscripting@1.8.0\Editor\VisualScripting.Core\Dependencies\DotNetZip\Unity.VisualScripting.IonicZip.dll
Symbol file LoadedFromMemory doesn't match image C:\Users\user\Desktop\stuff\class\VR\Assignment\Planting-Sim\Library\PackageCache\com.unity.visualscripting@1.8.0\Editor\VisualScripting.Core\Dependencies\YamlDotNet\Unity.VisualScripting.YamlDotNet.dll
Native extension for WindowsStandalone target not found
Native extension for Android target not found
Native extension for WebGL target not found
Refreshing native plugins compatible for Editor in 79.51 ms, found 6 plugins.
Preloading 2 native plugins for Editor in 0.10 ms.
Package Manager log level set to [2]
Mono: successfully reloaded assembly
- Completed reload, in  1.146 seconds
Domain Reload Profiling:
	ReloadAssembly (1147ms)
		BeginReloadAssembly (110ms)
			ExecutionOrderSort (0ms)
			DisableScriptedObjects (7ms)
			BackupInstance (0ms)
			ReleaseScriptingObjects (0ms)
			CreateAndSetChildDomain (20ms)
		EndReloadAssembly (935ms)
			LoadAssemblies (83ms)
			RebuildTransferFunctionScriptingTraits (0ms)
			SetupTypeCache (289ms)
			ReleaseScriptCaches (1ms)
			RebuildScriptCaches (70ms)
			SetupLoadedEditorAssemblies (441ms)
				LogAssemblyErrors (0ms)
				InitializePlatformSupportModulesInManaged (19ms)
				SetLoadedEditorAssemblies (0ms)
				RefreshPlugins (80ms)
				BeforeProcessingInitializeOnLoad (100ms)
				ProcessInitializeOnLoadAttributes (220ms)
				ProcessInitializeOnLoadMethodAttributes (18ms)
				AfterProcessingInitializeOnLoad (4ms)
				EditorAssembliesLoaded (0ms)
			ExecutionOrderSort2 (0ms)
			AwakeInstancesAfterBackupRestoration (6ms)
Platform modules already initialized, skipping
========================================================================
Worker process is ready to serve import requests
Launched and connected shader compiler UnityShaderCompiler.exe after 0.05 seconds
Refreshing native plugins compatible for Editor in 1.10 ms, found 6 plugins.
Preloading 2 native plugins for Editor in 0.15 ms.
Unloading 3554 Unused Serialized files (Serialized files now loaded: 0)
Unloading 47 unused Assets / (87.0 KB). Loaded Objects now: 4311.
Memory consumption went from 126.2 MB to 126.2 MB.
Total: 3.196900 ms (FindLiveObjects: 0.301400 ms CreateObjectMapping: 0.115000 ms MarkObjects: 2.644900 ms  DeleteObjects: 0.134400 ms)

AssetImportParameters requested are different than current active one (requested -> active):
  custom:video-decoder-ogg-theora: a1e56fd34408186e4bbccfd4996cb3dc -> 
  custom:container-muxer-webm: aa71ff27fc2769a1b78a27578f13a17b -> 
  custom:container-demuxer-webm: 4f35f7cbe854078d1ac9338744f61a02 -> 
  custom:video-encoder-webm-vp8: eb34c28f22e8b96e1ab97ce403110664 -> 
  custom:video-codec-MediaFoundation-h265: 746d11721c4dcdbdad8f713fa42b33f4 -> 
  custom:audio-encoder-webm-vorbis: bf7c407c2cedff20999df2af8eb42d56 -> 
  custom:framework-win-MediaFoundation: 216162199b28c13a410421893ffa2e32 -> 
  custom:container-demuxer-ogg: 62fdf1f143b41e24485cea50d1cbac27 -> 
  custom:video-decoder-webm-vp8: 9c59270c3fd7afecdb556c50c9e8de78 -> 
  custom:audio-decoder-ogg-vorbis: bf7c407c2cedff20999df2af8eb42d56 -> 
========================================================================
Received Import Request.
  Time since last request: 56819.392630 seconds.
  path: Assets/XR/XRGeneralSettingsPerBuildTarget.asset
  artifactKey: Guid(b3a562234c7f6fb498a3450706aaaef4) Importer(815301076,1909f56bfc062723c751e8b465ee728b)
Start importing Assets/XR/XRGeneralSettingsPerBuildTarget.asset using Guid(b3a562234c7f6fb498a3450706aaaef4) Importer(815301076,1909f56bfc062723c751e8b465ee728b)  -> (artifact id: '3a4674deb44a06ead5a4f4cf6c980d7b') in 0.041670 seconds 
========================================================================
Received Import Request.
  Time since last request: 702.720046 seconds.
  path: Assets/Resources/VuforiaConfiguration.asset
  artifactKey: Guid(9fb8023ae29ed724d88aa63acc46e7b2) Importer(815301076,1909f56bfc062723c751e8b465ee728b)
Start importing Assets/Resources/VuforiaConfiguration.asset using Guid(9fb8023ae29ed724d88aa63acc46e7b2) Importer(815301076,1909f56bfc062723c751e8b465ee728b)  -> (artifact id: 'c74dde108bb503673a1b84dd492cd187') in 0.012336 seconds 
========================================================================
Received Import Request.
  Time since last request: 0.875624 seconds.
  path: Assets/Editor/Migration
  artifactKey: Guid(784c1ed2aa16453488a41efb0eeae8ce) Importer(815301076,1909f56bfc062723c751e8b465ee728b)
Start importing Assets/Editor/Migration using Guid(784c1ed2aa16453488a41efb0eeae8ce) Importer(815301076,1909f56bfc062723c751e8b465ee728b)  -> (artifact id: '9b1a818d71dfc3372dc11d430c4a4906') in 0.006662 seconds 
========================================================================
Received Import Request.
  Time since last request: 6.262312 seconds.
  path: Packages/com.unity.xr.arfoundation/package.json
  artifactKey: Guid(08e6a1d1bc87fb6408c3e916a260691b) Importer(815301076,1909f56bfc062723c751e8b465ee728b)
Start importing Packages/com.unity.xr.arfoundation/package.json using Guid(08e6a1d1bc87fb6408c3e916a260691b) Importer(815301076,1909f56bfc062723c751e8b465ee728b)  -> (artifact id: 'f5ec08bbb6b157657291f930742498c7') in 0.019179 seconds 
========================================================================
Received Import Request.
  Time since last request: 98.661077 seconds.
  path: Assets/PlantModels/Herbs
  artifactKey: Guid(372f3b856eeaf0040857706e33f6ab5c) Importer(815301076,1909f56bfc062723c751e8b465ee728b)
Start importing Assets/PlantModels/Herbs using Guid(372f3b856eeaf0040857706e33f6ab5c) Importer(815301076,1909f56bfc062723c751e8b465ee728b)  -> (artifact id: '8807e0915e55f030ccdafcda831a2aac') in 0.007234 seconds 
========================================================================
Received Import Request.
  Time since last request: 0.699072 seconds.
  path: Assets/PlantModels/FloweringPlants
  artifactKey: Guid(2f7f159fffd55ba45a5bdcd89ebda255) Importer(815301076,1909f56bfc062723c751e8b465ee728b)
Start importing Assets/PlantModels/FloweringPlants using Guid(2f7f159fffd55ba45a5bdcd89ebda255) Importer(815301076,1909f56bfc062723c751e8b465ee728b)  -> (artifact id: '73ecfc4b9d541705852b8c9ab6e8c16a') in 0.007228 seconds 
========================================================================
Received Import Request.
  Time since last request: 5.527193 seconds.
  path: Assets/PlantModels/FloweringPlants/Cornflower
  artifactKey: Guid(16ab1899347d1b846a82ea29e13a505f) Importer(815301076,1909f56bfc062723c751e8b465ee728b)
Start importing Assets/PlantModels/FloweringPlants/Cornflower using Guid(16ab1899347d1b846a82ea29e13a505f) Importer(815301076,1909f56bfc062723c751e8b465ee728b)  -> (artifact id: 'ea4bd71852ee6c7f3c36f9e2f9e44569') in 0.007389 seconds 
========================================================================
Received Import Request.
  Time since last request: 3.934621 seconds.
  path: Assets/PlantModels/FloweringPlants/Lavender
  artifactKey: Guid(51683e1e7dffd014fb5c3762873984e4) Importer(815301076,1909f56bfc062723c751e8b465ee728b)
Start importing Assets/PlantModels/FloweringPlants/Lavender using Guid(51683e1e7dffd014fb5c3762873984e4) Importer(815301076,1909f56bfc062723c751e8b465ee728b)  -> (artifact id: '21c75a19bf325186d4b47536ae56bc6d') in 0.007251 seconds 
========================================================================
Received Import Request.
  Time since last request: 7.402314 seconds.
  path: Assets/PlantModels/Vegetables/Turnip/Turnip_Full.obj
  artifactKey: Guid(f8dc89c28c0ce8045b9e2e15b7d8cc19) Importer(815301076,1909f56bfc062723c751e8b465ee728b)
Start importing Assets/PlantModels/Vegetables/Turnip/Turnip_Full.obj using Guid(f8dc89c28c0ce8045b9e2e15b7d8cc19) Importer(815301076,1909f56bfc062723c751e8b465ee728b)  -> (artifact id: 'b3530ca6984d2c8ee91a12d658b41993') in 0.471536 seconds 
========================================================================
Received Import Request.
  Time since last request: 0.144674 seconds.
  path: Assets/PlantModels/Vegetables/Tomato/Tomato_Half.obj
  artifactKey: Guid(7d0531bb73c03b24690eaa3bfc1b7ac2) Importer(815301076,1909f56bfc062723c751e8b465ee728b)
Start importing Assets/PlantModels/Vegetables/Tomato/Tomato_Half.obj using Guid(7d0531bb73c03b24690eaa3bfc1b7ac2) Importer(815301076,1909f56bfc062723c751e8b465ee728b)  -> (artifact id: '64dcab70b0947be569051e870909285b') in 0.038529 seconds 
========================================================================
Received Import Request.
  Time since last request: 1.157565 seconds.
  path: Assets/PlantModels/Vegetables/Cucumber/Cucumber_Half.obj
  artifactKey: Guid(bd219cc815e53d54389a09c9988000bb) Importer(815301076,1909f56bfc062723c751e8b465ee728b)
Start importing Assets/PlantModels/Vegetables/Cucumber/Cucumber_Half.obj using Guid(bd219cc815e53d54389a09c9988000bb) Importer(815301076,1909f56bfc062723c751e8b465ee728b)  -> (artifact id: '4456f64623d4b35e832d37afedcb6d51') in 0.078179 seconds 
========================================================================
Received Import Request.
  Time since last request: 0.310033 seconds.
  path: Assets/PlantModels/Vegetables/Corn/Corn_Full.obj
  artifactKey: Guid(05728d28553aa604c94c1a0362776eeb) Importer(815301076,1909f56bfc062723c751e8b465ee728b)
Start importing Assets/PlantModels/Vegetables/Corn/Corn_Full.obj using Guid(05728d28553aa604c94c1a0362776eeb) Importer(815301076,1909f56bfc062723c751e8b465ee728b)  -> (artifact id: '6c1c96f77987e6e1f6d07c699c0d4018') in 0.129173 seconds 
========================================================================
Received Import Request.
  Time since last request: 0.351507 seconds.
  path: Assets/PlantModels/Vegetables/Cabbage/Cabbage_Half.obj
  artifactKey: Guid(b907adf0bc512c24e929af3f51c52e82) Importer(815301076,1909f56bfc062723c751e8b465ee728b)
Start importing Assets/PlantModels/Vegetables/Cabbage/Cabbage_Half.obj using Guid(b907adf0bc512c24e929af3f51c52e82) Importer(815301076,1909f56bfc062723c751e8b465ee728b)  -> (artifact id: '00b6f8551ecc58ba948ebafd03b1dbe9') in 0.093163 seconds 
========================================================================
Received Prepare
Registering precompiled user dll's ...
Registered in 0.006104 seconds.
Begin MonoManager ReloadAssembly
Symbol file LoadedFromMemory doesn't match image C:\Users\user\Desktop\stuff\class\VR\Assignment\Planting-Sim\Library\PackageCache\com.unity.visualscripting@1.8.0\Editor\VisualScripting.Core\Dependencies\DotNetZip\Unity.VisualScripting.IonicZip.dll
Symbol file LoadedFromMemory doesn't match image C:\Users\user\Desktop\stuff\class\VR\Assignment\Planting-Sim\Library\PackageCache\com.unity.visualscripting@1.8.0\Editor\VisualScripting.Core\Dependencies\YamlDotNet\Unity.VisualScripting.YamlDotNet.dll
Native extension for WindowsStandalone target not found
Native extension for Android target not found
Native extension for WebGL target not found
Refreshing native plugins compatible for Editor in 0.71 ms, found 6 plugins.
Preloading 2 native plugins for Editor in 0.10 ms.
Mono: successfully reloaded assembly
- Completed reload, in  1.029 seconds
Domain Reload Profiling:
	ReloadAssembly (1030ms)
		BeginReloadAssembly (195ms)
			ExecutionOrderSort (0ms)
			DisableScriptedObjects (3ms)
			BackupInstance (0ms)
			ReleaseScriptingObjects (0ms)
			CreateAndSetChildDomain (37ms)
		EndReloadAssembly (759ms)
			LoadAssemblies (149ms)
			RebuildTransferFunctionScriptingTraits (0ms)
			SetupTypeCache (311ms)
			ReleaseScriptCaches (1ms)
			RebuildScriptCaches (42ms)
			SetupLoadedEditorAssemblies (282ms)
				LogAssemblyErrors (0ms)
				InitializePlatformSupportModulesInManaged (17ms)
				SetLoadedEditorAssemblies (0ms)
				RefreshPlugins (1ms)
				BeforeProcessingInitializeOnLoad (69ms)
				ProcessInitializeOnLoadAttributes (174ms)
				ProcessInitializeOnLoadMethodAttributes (16ms)
				AfterProcessingInitializeOnLoad (4ms)
				EditorAssembliesLoaded (0ms)
			ExecutionOrderSort2 (0ms)
			AwakeInstancesAfterBackupRestoration (7ms)
Platform modules already initialized, skipping
Refreshing native plugins compatible for Editor in 4.55 ms, found 6 plugins.
Preloading 2 native plugins for Editor in 0.13 ms.
Unloading 3526 Unused Serialized files (Serialized files now loaded: 0)
Unloading 41 unused Assets / (101.9 KB). Loaded Objects now: 4360.
Memory consumption went from 129.1 MB to 129.0 MB.
Total: 3.271500 ms (FindLiveObjects: 0.345100 ms CreateObjectMapping: 0.275700 ms MarkObjects: 2.540800 ms  DeleteObjects: 0.108300 ms)

AssetImportParameters requested are different than current active one (requested -> active):
  custom:video-decoder-ogg-theora: a1e56fd34408186e4bbccfd4996cb3dc -> 
  custom:container-muxer-webm: aa71ff27fc2769a1b78a27578f13a17b -> 
  custom:container-demuxer-webm: 4f35f7cbe854078d1ac9338744f61a02 -> 
  custom:video-encoder-webm-vp8: eb34c28f22e8b96e1ab97ce403110664 -> 
  custom:video-codec-MediaFoundation-h265: 746d11721c4dcdbdad8f713fa42b33f4 -> 
  custom:audio-encoder-webm-vorbis: bf7c407c2cedff20999df2af8eb42d56 -> 
  custom:framework-win-MediaFoundation: 216162199b28c13a410421893ffa2e32 -> 
  custom:container-demuxer-ogg: 62fdf1f143b41e24485cea50d1cbac27 -> 
  custom:video-decoder-webm-vp8: 9c59270c3fd7afecdb556c50c9e8de78 -> 
  custom:audio-decoder-ogg-vorbis: bf7c407c2cedff20999df2af8eb42d56 -> 
========================================================================
Received Import Request.
  Time since last request: 375.141709 seconds.
  path: Assets/PBR_Floweringot/3dobjects/blumenkuebel.fbx
  artifactKey: Guid(2f66e97a51d037549a47f250801979de) Importer(815301076,1909f56bfc062723c751e8b465ee728b)
Start importing Assets/PBR_Floweringot/3dobjects/blumenkuebel.fbx using Guid(2f66e97a51d037549a47f250801979de) Importer(815301076,1909f56bfc062723c751e8b465ee728b)  -> (artifact id: '7b0b9cdca3395bbe3ba2825f2e908e25') in 0.314956 seconds 
========================================================================
Received Import Request.
  Time since last request: 0.126221 seconds.
  path: Assets/PBR_Floweringot/Prefabs/flowerpot.prefab
  artifactKey: Guid(da915fba24b5e3446ba5c23ae9243acc) Importer(815301076,1909f56bfc062723c751e8b465ee728b)
Start importing Assets/PBR_Floweringot/Prefabs/flowerpot.prefab using Guid(da915fba24b5e3446ba5c23ae9243acc) Importer(815301076,1909f56bfc062723c751e8b465ee728b)  -> (artifact id: '0d69d1b4efc41c2bd371bd448fe3bfda') in 0.075193 seconds 
========================================================================
Received Prepare
Registering precompiled user dll's ...
Registered in 0.006370 seconds.
Begin MonoManager ReloadAssembly
Symbol file LoadedFromMemory doesn't match image C:\Users\user\Desktop\stuff\class\VR\Assignment\Planting-Sim\Library\PackageCache\com.unity.visualscripting@1.8.0\Editor\VisualScripting.Core\Dependencies\DotNetZip\Unity.VisualScripting.IonicZip.dll
Symbol file LoadedFromMemory doesn't match image C:\Users\user\Desktop\stuff\class\VR\Assignment\Planting-Sim\Library\PackageCache\com.unity.visualscripting@1.8.0\Editor\VisualScripting.Core\Dependencies\YamlDotNet\Unity.VisualScripting.YamlDotNet.dll
Native extension for WindowsStandalone target not found
Native extension for Android target not found
Native extension for WebGL target not found
Refreshing native plugins compatible for Editor in 0.74 ms, found 6 plugins.
Preloading 2 native plugins for Editor in 0.09 ms.
Mono: successfully reloaded assembly
- Completed reload, in  0.883 seconds
Domain Reload Profiling:
	ReloadAssembly (883ms)
		BeginReloadAssembly (125ms)
			ExecutionOrderSort (0ms)
			DisableScriptedObjects (6ms)
			BackupInstance (0ms)
			ReleaseScriptingObjects (0ms)
			CreateAndSetChildDomain (37ms)
		EndReloadAssembly (681ms)
			LoadAssemblies (74ms)
			RebuildTransferFunctionScriptingTraits (0ms)
			SetupTypeCache (265ms)
			ReleaseScriptCaches (1ms)
			RebuildScriptCaches (36ms)
			SetupLoadedEditorAssemblies (266ms)
				LogAssemblyErrors (0ms)
				InitializePlatformSupportModulesInManaged (17ms)
				SetLoadedEditorAssemblies (0ms)
				RefreshPlugins (1ms)
				BeforeProcessingInitializeOnLoad (63ms)
				ProcessInitializeOnLoadAttributes (164ms)
				ProcessInitializeOnLoadMethodAttributes (16ms)
				AfterProcessingInitializeOnLoad (4ms)
				EditorAssembliesLoaded (0ms)
			ExecutionOrderSort2 (0ms)
			AwakeInstancesAfterBackupRestoration (5ms)
Platform modules already initialized, skipping
Refreshing native plugins compatible for Editor in 3.06 ms, found 6 plugins.
Preloading 2 native plugins for Editor in 0.07 ms.
Unloading 3526 Unused Serialized files (Serialized files now loaded: 0)
Unloading 39 unused Assets / (53.4 KB). Loaded Objects now: 4364.
Memory consumption went from 129.1 MB to 129.1 MB.
Total: 2.394400 ms (FindLiveObjects: 0.288800 ms CreateObjectMapping: 0.107800 ms MarkObjects: 1.939200 ms  DeleteObjects: 0.057700 ms)

AssetImportParameters requested are different than current active one (requested -> active):
  custom:video-decoder-ogg-theora: a1e56fd34408186e4bbccfd4996cb3dc -> 
  custom:container-muxer-webm: aa71ff27fc2769a1b78a27578f13a17b -> 
  custom:container-demuxer-webm: 4f35f7cbe854078d1ac9338744f61a02 -> 
  custom:video-encoder-webm-vp8: eb34c28f22e8b96e1ab97ce403110664 -> 
  custom:video-codec-MediaFoundation-h265: 746d11721c4dcdbdad8f713fa42b33f4 -> 
  custom:audio-encoder-webm-vorbis: bf7c407c2cedff20999df2af8eb42d56 -> 
  custom:framework-win-MediaFoundation: 216162199b28c13a410421893ffa2e32 -> 
  custom:container-demuxer-ogg: 62fdf1f143b41e24485cea50d1cbac27 -> 
  custom:video-decoder-webm-vp8: 9c59270c3fd7afecdb556c50c9e8de78 -> 
  custom:audio-decoder-ogg-vorbis: bf7c407c2cedff20999df2af8eb42d56 -> 
