Using pre-set license
Built from '2021.3/staging' branch; Version is '2021.3.23f1 (213b516bf396) revision 2177873'; Using compiler version '192829333'; Build Type 'Release'
OS: 'Windows 11  (10.0.22621) 64bit CoreSingleLanguage' Language: 'en' Physical Memory: 16088 MB
BatchMode: 1, IsHumanControllingUs: 0, StartBugReporterOnCrash: 0, Is64bit: 1, IsPro: 1

COMMAND LINE ARGUMENTS:
C:\Program Files\Unity\Hub\Editor\2021.3.23f1\Editor\Unity.exe
-adb2
-batchMode
-noUpm
-name
AssetImportWorker1
-projectPath
C:/Users/Acer/OneDrive/Documents/GitHub/Planting-Sim
-logFile
Logs/AssetImportWorker1.log
-srvPort
61659
Successfully changed project path to: C:/Users/Acer/OneDrive/Documents/GitHub/Planting-Sim
C:/Users/Acer/OneDrive/Documents/GitHub/Planting-Sim
[UnityMemory] Configuration Parameters - Can be set up in boot.config
    "memorysetup-bucket-allocator-granularity=16"
    "memorysetup-bucket-allocator-bucket-count=8"
    "memorysetup-bucket-allocator-block-size=33554432"
    "memorysetup-bucket-allocator-block-count=8"
    "memorysetup-main-allocator-block-size=16777216"
    "memorysetup-thread-allocator-block-size=16777216"
    "memorysetup-gfx-main-allocator-block-size=16777216"
    "memorysetup-gfx-thread-allocator-block-size=16777216"
    "memorysetup-cache-allocator-block-size=4194304"
    "memorysetup-typetree-allocator-block-size=2097152"
    "memorysetup-profiler-bucket-allocator-granularity=16"
    "memorysetup-profiler-bucket-allocator-bucket-count=8"
    "memorysetup-profiler-bucket-allocator-block-size=33554432"
    "memorysetup-profiler-bucket-allocator-block-count=8"
    "memorysetup-profiler-allocator-block-size=16777216"
    "memorysetup-profiler-editor-allocator-block-size=1048576"
    "memorysetup-temp-allocator-size-main=16777216"
    "memorysetup-job-temp-allocator-block-size=2097152"
    "memorysetup-job-temp-allocator-block-size-background=1048576"
    "memorysetup-job-temp-allocator-reduction-small-platforms=262144"
    "memorysetup-temp-allocator-size-background-worker=32768"
    "memorysetup-temp-allocator-size-job-worker=262144"
    "memorysetup-temp-allocator-size-preload-manager=33554432"
    "memorysetup-temp-allocator-size-nav-mesh-worker=65536"
    "memorysetup-temp-allocator-size-audio-worker=65536"
    "memorysetup-temp-allocator-size-cloud-worker=32768"
    "memorysetup-temp-allocator-size-gi-baking-worker=262144"
    "memorysetup-temp-allocator-size-gfx=262144"
Player connection [30300] Host "[IP] 192.168.100.73 [Port] 0 [Flags] 2 [Guid] 1303723279 [EditorId] 1303723279 [Version] 1048832 [Id] WindowsEditor(7,LAPTOP-EG92RE2M) [Debug] 1 [PackageName] WindowsEditor [ProjectName] Editor" joined multi-casting on [225.0.0.222:54997]...

Player connection [30300] Host "[IP] 192.168.100.73 [Port] 0 [Flags] 2 [Guid] 1303723279 [EditorId] 1303723279 [Version] 1048832 [Id] WindowsEditor(7,LAPTOP-EG92RE2M) [Debug] 1 [PackageName] WindowsEditor [ProjectName] Editor" joined alternative multi-casting on [225.0.0.222:34997]...

Refreshing native plugins compatible for Editor in 156.25 ms, found 13 plugins.
Preloading 2 native plugins for Editor in 6.66 ms.
Initialize engine version: 2021.3.23f1 (213b516bf396)
[Subsystems] Discovering subsystems at path C:/Program Files/Unity/Hub/Editor/2021.3.23f1/Editor/Data/Resources/UnitySubsystems
[Subsystems] Discovering subsystems at path C:/Users/Acer/OneDrive/Documents/GitHub/Planting-Sim/Assets
GfxDevice: creating device client; threaded=0; jobified=0
Direct3D:
    Version:  Direct3D 11.0 [level 11.1]
    Renderer: NVIDIA GeForce RTX 3050 Laptop GPU (ID=0x25a2)
    Vendor:   NVIDIA
    VRAM:     3977 MB
    Driver:   31.0.15.3141
Initialize mono
Mono path[0] = 'C:/Program Files/Unity/Hub/Editor/2021.3.23f1/Editor/Data/Managed'
Mono path[1] = 'C:/Program Files/Unity/Hub/Editor/2021.3.23f1/Editor/Data/MonoBleedingEdge/lib/mono/unityjit-win32'
Mono config path = 'C:/Program Files/Unity/Hub/Editor/2021.3.23f1/Editor/Data/MonoBleedingEdge/etc'
Using monoOptions --debugger-agent=transport=dt_socket,embedding=1,server=y,suspend=n,address=127.0.0.1:56836
Begin MonoManager ReloadAssembly
Registering precompiled unity dll's ...
Register platform support module: C:/Program Files/Unity/Hub/Editor/2021.3.23f1/Editor/Data/PlaybackEngines/AndroidPlayer/UnityEditor.Android.Extensions.dll
Register platform support module: C:/Program Files/Unity/Hub/Editor/2021.3.23f1/Editor/Data/PlaybackEngines/WindowsStandaloneSupport/UnityEditor.WindowsStandalone.Extensions.dll
Registered in 0.007502 seconds.
Native extension for WindowsStandalone target not found
Native extension for Android target not found
Android Extension - Scanning For ADB Devices 545 ms
Refreshing native plugins compatible for Editor in 122.57 ms, found 13 plugins.
Preloading 2 native plugins for Editor in 0.23 ms.
Mono: successfully reloaded assembly
- Completed reload, in  1.508 seconds
Domain Reload Profiling:
	ReloadAssembly (1509ms)
		BeginReloadAssembly (126ms)
			ExecutionOrderSort (0ms)
			DisableScriptedObjects (0ms)
			BackupInstance (0ms)
			ReleaseScriptingObjects (0ms)
			CreateAndSetChildDomain (1ms)
		EndReloadAssembly (1240ms)
			LoadAssemblies (122ms)
			RebuildTransferFunctionScriptingTraits (0ms)
			SetupTypeCache (152ms)
			ReleaseScriptCaches (0ms)
			RebuildScriptCaches (43ms)
			SetupLoadedEditorAssemblies (962ms)
				LogAssemblyErrors (0ms)
				InitializePlatformSupportModulesInManaged (637ms)
				SetLoadedEditorAssemblies (0ms)
				RefreshPlugins (123ms)
				BeforeProcessingInitializeOnLoad (2ms)
				ProcessInitializeOnLoadAttributes (134ms)
				ProcessInitializeOnLoadMethodAttributes (65ms)
				AfterProcessingInitializeOnLoad (0ms)
				EditorAssembliesLoaded (0ms)
			ExecutionOrderSort2 (0ms)
			AwakeInstancesAfterBackupRestoration (0ms)
Platform modules already initialized, skipping
Registering precompiled user dll's ...
Registered in 0.075792 seconds.
Begin MonoManager ReloadAssembly
Native extension for WindowsStandalone target not found
Native extension for Android target not found
Refreshing native plugins compatible for Editor in 120.59 ms, found 13 plugins.
Preloading 2 native plugins for Editor in 0.19 ms.
Package Manager log level set to [2]
Mono: successfully reloaded assembly
- Completed reload, in  2.096 seconds
Domain Reload Profiling:
	ReloadAssembly (2097ms)
		BeginReloadAssembly (182ms)
			ExecutionOrderSort (0ms)
			DisableScriptedObjects (8ms)
			BackupInstance (0ms)
			ReleaseScriptingObjects (0ms)
			CreateAndSetChildDomain (29ms)
		EndReloadAssembly (1766ms)
			LoadAssemblies (192ms)
			RebuildTransferFunctionScriptingTraits (0ms)
			SetupTypeCache (630ms)
			ReleaseScriptCaches (1ms)
			RebuildScriptCaches (112ms)
			SetupLoadedEditorAssemblies (756ms)
				LogAssemblyErrors (0ms)
				InitializePlatformSupportModulesInManaged (24ms)
				SetLoadedEditorAssemblies (0ms)
				RefreshPlugins (121ms)
				BeforeProcessingInitializeOnLoad (162ms)
				ProcessInitializeOnLoadAttributes (408ms)
				ProcessInitializeOnLoadMethodAttributes (31ms)
				AfterProcessingInitializeOnLoad (9ms)
				EditorAssembliesLoaded (0ms)
			ExecutionOrderSort2 (0ms)
			AwakeInstancesAfterBackupRestoration (9ms)
Platform modules already initialized, skipping
========================================================================
Worker process is ready to serve import requests
Launched and connected shader compiler UnityShaderCompiler.exe after 0.11 seconds
Refreshing native plugins compatible for Editor in 1.92 ms, found 13 plugins.
Preloading 2 native plugins for Editor in 0.36 ms.
Unloading 4206 Unused Serialized files (Serialized files now loaded: 0)
Unloading 74 unused Assets / (87.6 KB). Loaded Objects now: 4944.
Memory consumption went from 152.0 MB to 151.9 MB.
Total: 5.059300 ms (FindLiveObjects: 0.445900 ms CreateObjectMapping: 0.442900 ms MarkObjects: 3.968200 ms  DeleteObjects: 0.200000 ms)

AssetImportParameters requested are different than current active one (requested -> active):
  custom:video-decoder-ogg-theora: a1e56fd34408186e4bbccfd4996cb3dc -> 
  custom:container-muxer-webm: aa71ff27fc2769a1b78a27578f13a17b -> 
  custom:container-demuxer-webm: 4f35f7cbe854078d1ac9338744f61a02 -> 
  custom:video-encoder-webm-vp8: eb34c28f22e8b96e1ab97ce403110664 -> 
  custom:audio-encoder-webm-vorbis: bf7c407c2cedff20999df2af8eb42d56 -> 
  custom:framework-win-MediaFoundation: 216162199b28c13a410421893ffa2e32 -> 
  custom:container-demuxer-ogg: 62fdf1f143b41e24485cea50d1cbac27 -> 
  custom:video-decoder-webm-vp8: 9c59270c3fd7afecdb556c50c9e8de78 -> 
  custom:audio-decoder-ogg-vorbis: bf7c407c2cedff20999df2af8eb42d56 -> 
========================================================================
Received Import Request.
  Time since last request: 44083.250583 seconds.
  path: Assets/Grass_Tail_Animator/Meshes/tail_high.fbx
  artifactKey: Guid(6726493bed10ddf4f95eae5f9d6ce584) Importer(815301076,1909f56bfc062723c751e8b465ee728b)
Start importing Assets/Grass_Tail_Animator/Meshes/tail_high.fbx using Guid(6726493bed10ddf4f95eae5f9d6ce584) Importer(815301076,1909f56bfc062723c751e8b465ee728b)  -> (artifact id: '2e0062d8805b5136aefb36852120248e') in 0.076933 seconds 
========================================================================
Received Import Request.
  Time since last request: 0.000034 seconds.
  path: Assets/Grass_Tail_Animator/Meshes/Grass & Til Rig.fbx
  artifactKey: Guid(b29838ceb8da3374e8d943c0b1442c7d) Importer(815301076,1909f56bfc062723c751e8b465ee728b)
Start importing Assets/Grass_Tail_Animator/Meshes/Grass & Til Rig.fbx using Guid(b29838ceb8da3374e8d943c0b1442c7d) Importer(815301076,1909f56bfc062723c751e8b465ee728b)  -> (artifact id: '35e821441dd3e3de82269b54dd39cf73') in 0.594673 seconds 
========================================================================
Received Import Request.
  Time since last request: 8.526743 seconds.
  path: Assets/Grass_Tail_Animator/Prefabs/Tantacle_02.prefab
  artifactKey: Guid(d86e6e55b74b411488b713c00cb84a1a) Importer(815301076,1909f56bfc062723c751e8b465ee728b)
Start importing Assets/Grass_Tail_Animator/Prefabs/Tantacle_02.prefab using Guid(d86e6e55b74b411488b713c00cb84a1a) Importer(815301076,1909f56bfc062723c751e8b465ee728b)  -> (artifact id: 'eb61c669133a3b2f0c3f13143f614567') in 0.103981 seconds 
========================================================================
Received Import Request.
  Time since last request: 0.000033 seconds.
  path: Assets/Grass_Tail_Animator/Prefabs/Worm.prefab
  artifactKey: Guid(0ab522a1a5199a24a88be951b26f8f71) Importer(815301076,1909f56bfc062723c751e8b465ee728b)
Start importing Assets/Grass_Tail_Animator/Prefabs/Worm.prefab using Guid(0ab522a1a5199a24a88be951b26f8f71) Importer(815301076,1909f56bfc062723c751e8b465ee728b)  -> (artifact id: 'b3558e71aa299c8efdc2b516b192cb46') in 0.084757 seconds 
========================================================================
Received Import Request.
  Time since last request: 0.000036 seconds.
  path: Assets/Grass_Tail_Animator/Prefabs/Tantacle_flat.prefab
  artifactKey: Guid(31019a0d5df675c46a33866daa1f4e4a) Importer(815301076,1909f56bfc062723c751e8b465ee728b)
Start importing Assets/Grass_Tail_Animator/Prefabs/Tantacle_flat.prefab using Guid(31019a0d5df675c46a33866daa1f4e4a) Importer(815301076,1909f56bfc062723c751e8b465ee728b)  -> (artifact id: '51d4f57d50e59eac4f85b2d7b8b401ca') in 0.120831 seconds 
========================================================================
Received Import Request.
  Time since last request: 3.562400 seconds.
  path: Assets/Grass_Tail_Animator/Prefabs/Earthworm.prefab
  artifactKey: Guid(5ac2989943c5869429c31797fe56efb1) Importer(815301076,1909f56bfc062723c751e8b465ee728b)
Start importing Assets/Grass_Tail_Animator/Prefabs/Earthworm.prefab using Guid(5ac2989943c5869429c31797fe56efb1) Importer(815301076,1909f56bfc062723c751e8b465ee728b)  -> (artifact id: '4f197b47cb42dff8f0088230ed4886cc') in 0.079499 seconds 
========================================================================
Received Prepare
Registering precompiled user dll's ...
Registered in 0.022972 seconds.
Begin MonoManager ReloadAssembly
Native extension for WindowsStandalone target not found
Native extension for Android target not found
Refreshing native plugins compatible for Editor in 1.04 ms, found 13 plugins.
Preloading 2 native plugins for Editor in 0.29 ms.
Mono: successfully reloaded assembly
- Completed reload, in  1.366 seconds
Domain Reload Profiling:
	ReloadAssembly (1367ms)
		BeginReloadAssembly (172ms)
			ExecutionOrderSort (0ms)
			DisableScriptedObjects (4ms)
			BackupInstance (0ms)
			ReleaseScriptingObjects (0ms)
			CreateAndSetChildDomain (45ms)
		EndReloadAssembly (1078ms)
			LoadAssemblies (131ms)
			RebuildTransferFunctionScriptingTraits (0ms)
			SetupTypeCache (351ms)
			ReleaseScriptCaches (2ms)
			RebuildScriptCaches (51ms)
			SetupLoadedEditorAssemblies (486ms)
				LogAssemblyErrors (0ms)
				InitializePlatformSupportModulesInManaged (23ms)
				SetLoadedEditorAssemblies (1ms)
				RefreshPlugins (1ms)
				BeforeProcessingInitializeOnLoad (104ms)
				ProcessInitializeOnLoadAttributes (318ms)
				ProcessInitializeOnLoadMethodAttributes (31ms)
				AfterProcessingInitializeOnLoad (8ms)
				EditorAssembliesLoaded (0ms)
			ExecutionOrderSort2 (0ms)
			AwakeInstancesAfterBackupRestoration (7ms)
Platform modules already initialized, skipping
Refreshing native plugins compatible for Editor in 10.81 ms, found 13 plugins.
Preloading 2 native plugins for Editor in 0.15 ms.
Unloading 4168 Unused Serialized files (Serialized files now loaded: 0)
Unloading 64 unused Assets / (54.2 KB). Loaded Objects now: 4992.
Memory consumption went from 154.1 MB to 154.0 MB.
Total: 4.673400 ms (FindLiveObjects: 0.538000 ms CreateObjectMapping: 0.139500 ms MarkObjects: 3.861600 ms  DeleteObjects: 0.131300 ms)

AssetImportParameters requested are different than current active one (requested -> active):
  custom:video-decoder-ogg-theora: a1e56fd34408186e4bbccfd4996cb3dc -> 
  custom:container-muxer-webm: aa71ff27fc2769a1b78a27578f13a17b -> 
  custom:container-demuxer-webm: 4f35f7cbe854078d1ac9338744f61a02 -> 
  custom:video-encoder-webm-vp8: eb34c28f22e8b96e1ab97ce403110664 -> 
  custom:audio-encoder-webm-vorbis: bf7c407c2cedff20999df2af8eb42d56 -> 
  custom:framework-win-MediaFoundation: 216162199b28c13a410421893ffa2e32 -> 
  custom:container-demuxer-ogg: 62fdf1f143b41e24485cea50d1cbac27 -> 
  custom:video-decoder-webm-vp8: 9c59270c3fd7afecdb556c50c9e8de78 -> 
  custom:audio-decoder-ogg-vorbis: bf7c407c2cedff20999df2af8eb42d56 -> 
========================================================================
Received Import Request.
  Time since last request: 470.410217 seconds.
  path: Assets/SoundEffects/button_click.wav
  artifactKey: Guid(3e9f90b7d072c324b849537e17daebfd) Importer(815301076,1909f56bfc062723c751e8b465ee728b)
Start importing Assets/SoundEffects/button_click.wav using Guid(3e9f90b7d072c324b849537e17daebfd) Importer(815301076,1909f56bfc062723c751e8b465ee728b)  -> (artifact id: '5410ab93ef6d07e6cc3f288c2402203c') in 0.194868 seconds 
========================================================================
Received Import Request.
  Time since last request: 0.000057 seconds.
  path: Assets/SoundEffects/water_with_watering_can.mp3
  artifactKey: Guid(6d3292f0c3b3499419d0b1fa0599f7ee) Importer(815301076,1909f56bfc062723c751e8b465ee728b)
Start importing Assets/SoundEffects/water_with_watering_can.mp3 using Guid(6d3292f0c3b3499419d0b1fa0599f7ee) Importer(815301076,1909f56bfc062723c751e8b465ee728b)  -> (artifact id: '29f198eef9667ccba5c8fe8c16ef4558') in 0.020171 seconds 
========================================================================
Received Import Request.
  Time since last request: 0.000050 seconds.
  path: Assets/SoundEffects/calm_bg_music.wav
  artifactKey: Guid(fb19e2ae8acc98c4db74401d0b85d218) Importer(815301076,1909f56bfc062723c751e8b465ee728b)
Start importing Assets/SoundEffects/calm_bg_music.wav using Guid(fb19e2ae8acc98c4db74401d0b85d218) Importer(815301076,1909f56bfc062723c751e8b465ee728b)  -> (artifact id: 'efa6304061ffdab92b8ef7a96bc2477c') in 0.014562 seconds 
Editor requested this worker to shutdown with reason: Scaling down because of idle timeout
AssetImportWorker is now disconnected from the server
Process exiting
Exiting without the bug reporter. Application will terminate with return code 0