Using pre-set license
Built from '2021.3/staging' branch; Version is '2021.3.23f1 (213b516bf396) revision 2177873'; Using compiler version '192829333'; Build Type 'Release'
OS: 'Windows 11  (10.0.22621) 64bit CoreSingleLanguage' Language: 'en' Physical Memory: 15724 MB
BatchMode: 1, IsHumanControllingUs: 0, StartBugReporterOnCrash: 0, Is64bit: 1, IsPro: 1

COMMAND LINE ARGUMENTS:
C:\Program Files\Unity\Hub\Editor\2021.3.23f1\Editor\Unity.exe
-adb2
-batchMode
-noUpm
-name
AssetImportWorker4
-projectPath
C:/College/Y2S3/Virtual Reality/Clone Planting Sim/Planting-Sim
-logFile
Logs/AssetImportWorker4.log
-srvPort
58119
Successfully changed project path to: C:/College/Y2S3/Virtual Reality/Clone Planting Sim/Planting-Sim
C:/College/Y2S3/Virtual Reality/Clone Planting Sim/Planting-Sim
[UnityMemory] Configuration Parameters - Can be set up in boot.config
    "memorysetup-bucket-allocator-granularity=16"
    "memorysetup-bucket-allocator-bucket-count=8"
    "memorysetup-bucket-allocator-block-size=33554432"
    "memorysetup-bucket-allocator-block-count=8"
    "memorysetup-main-allocator-block-size=16777216"
    "memorysetup-thread-allocator-block-size=16777216"
    "memorysetup-gfx-main-allocator-block-size=16777216"
    "memorysetup-gfx-thread-allocator-block-size=16777216"
    "memorysetup-cache-allocator-block-size=4194304"
    "memorysetup-typetree-allocator-block-size=2097152"
    "memorysetup-profiler-bucket-allocator-granularity=16"
    "memorysetup-profiler-bucket-allocator-bucket-count=8"
    "memorysetup-profiler-bucket-allocator-block-size=33554432"
    "memorysetup-profiler-bucket-allocator-block-count=8"
    "memorysetup-profiler-allocator-block-size=16777216"
    "memorysetup-profiler-editor-allocator-block-size=1048576"
    "memorysetup-temp-allocator-size-main=16777216"
    "memorysetup-job-temp-allocator-block-size=2097152"
    "memorysetup-job-temp-allocator-block-size-background=1048576"
    "memorysetup-job-temp-allocator-reduction-small-platforms=262144"
    "memorysetup-temp-allocator-size-background-worker=32768"
    "memorysetup-temp-allocator-size-job-worker=262144"
    "memorysetup-temp-allocator-size-preload-manager=33554432"
    "memorysetup-temp-allocator-size-nav-mesh-worker=65536"
    "memorysetup-temp-allocator-size-audio-worker=65536"
    "memorysetup-temp-allocator-size-cloud-worker=32768"
    "memorysetup-temp-allocator-size-gi-baking-worker=262144"
    "memorysetup-temp-allocator-size-gfx=262144"
Player connection [30928] Host "[IP] 192.168.0.124 [Port] 0 [Flags] 2 [Guid] 3964750047 [EditorId] 3964750047 [Version] 1048832 [Id] WindowsEditor(7,Zully) [Debug] 1 [PackageName] WindowsEditor [ProjectName] Editor" joined multi-casting on [225.0.0.222:54997]...

Player connection [30928] Host "[IP] 192.168.0.124 [Port] 0 [Flags] 2 [Guid] 3964750047 [EditorId] 3964750047 [Version] 1048832 [Id] WindowsEditor(7,Zully) [Debug] 1 [PackageName] WindowsEditor [ProjectName] Editor" joined alternative multi-casting on [225.0.0.222:34997]...

Refreshing native plugins compatible for Editor in 99.78 ms, found 6 plugins.
Preloading 2 native plugins for Editor in 5.11 ms.
Initialize engine version: 2021.3.23f1 (213b516bf396)
[Subsystems] Discovering subsystems at path C:/Program Files/Unity/Hub/Editor/2021.3.23f1/Editor/Data/Resources/UnitySubsystems
[Subsystems] Discovering subsystems at path C:/College/Y2S3/Virtual Reality/Clone Planting Sim/Planting-Sim/Assets
GfxDevice: creating device client; threaded=0; jobified=0
Direct3D:
    Version:  Direct3D 11.0 [level 11.1]
    Renderer: NVIDIA GeForce RTX 3050 Ti Laptop GPU (ID=0x25a0)
    Vendor:   NVIDIA
    VRAM:     3990 MB
    Driver:   30.0.15.1274
Initialize mono
Mono path[0] = 'C:/Program Files/Unity/Hub/Editor/2021.3.23f1/Editor/Data/Managed'
Mono path[1] = 'C:/Program Files/Unity/Hub/Editor/2021.3.23f1/Editor/Data/MonoBleedingEdge/lib/mono/unityjit-win32'
Mono config path = 'C:/Program Files/Unity/Hub/Editor/2021.3.23f1/Editor/Data/MonoBleedingEdge/etc'
Using monoOptions --debugger-agent=transport=dt_socket,embedding=1,server=y,suspend=n,address=127.0.0.1:56900
Begin MonoManager ReloadAssembly
Registering precompiled unity dll's ...
Register platform support module: C:/Program Files/Unity/Hub/Editor/2021.3.23f1/Editor/Data/PlaybackEngines/WindowsStandaloneSupport/UnityEditor.WindowsStandalone.Extensions.dll
Registered in 0.007111 seconds.
Native extension for WindowsStandalone target not found
Refreshing native plugins compatible for Editor in 73.04 ms, found 6 plugins.
Preloading 2 native plugins for Editor in 0.14 ms.
Mono: successfully reloaded assembly
- Completed reload, in  0.675 seconds
Domain Reload Profiling:
	ReloadAssembly (676ms)
		BeginReloadAssembly (132ms)
			ExecutionOrderSort (0ms)
			DisableScriptedObjects (0ms)
			BackupInstance (0ms)
			ReleaseScriptingObjects (0ms)
			CreateAndSetChildDomain (1ms)
		EndReloadAssembly (453ms)
			LoadAssemblies (130ms)
			RebuildTransferFunctionScriptingTraits (0ms)
			SetupTypeCache (111ms)
			ReleaseScriptCaches (0ms)
			RebuildScriptCaches (25ms)
			SetupLoadedEditorAssemblies (261ms)
				LogAssemblyErrors (0ms)
				InitializePlatformSupportModulesInManaged (8ms)
				SetLoadedEditorAssemblies (0ms)
				RefreshPlugins (73ms)
				BeforeProcessingInitializeOnLoad (1ms)
				ProcessInitializeOnLoadAttributes (130ms)
				ProcessInitializeOnLoadMethodAttributes (48ms)
				AfterProcessingInitializeOnLoad (0ms)
				EditorAssembliesLoaded (0ms)
			ExecutionOrderSort2 (0ms)
			AwakeInstancesAfterBackupRestoration (0ms)
Platform modules already initialized, skipping
Registering precompiled user dll's ...
Registered in 0.011323 seconds.
Begin MonoManager ReloadAssembly
Symbol file LoadedFromMemory doesn't match image C:\College\Y2S3\Virtual Reality\Clone Planting Sim\Planting-Sim\Library\PackageCache\com.unity.visualscripting@1.8.0\Editor\VisualScripting.Core\Dependencies\DotNetZip\Unity.VisualScripting.IonicZip.dll
Symbol file LoadedFromMemory doesn't match image C:\College\Y2S3\Virtual Reality\Clone Planting Sim\Planting-Sim\Library\PackageCache\com.unity.visualscripting@1.8.0\Editor\VisualScripting.Core\Dependencies\YamlDotNet\Unity.VisualScripting.YamlDotNet.dll
Native extension for WindowsStandalone target not found
Refreshing native plugins compatible for Editor in 74.78 ms, found 6 plugins.
Preloading 2 native plugins for Editor in 0.12 ms.
Package Manager log level set to [2]
Mono: successfully reloaded assembly
- Completed reload, in  1.117 seconds
Domain Reload Profiling:
	ReloadAssembly (1118ms)
		BeginReloadAssembly (98ms)
			ExecutionOrderSort (0ms)
			DisableScriptedObjects (5ms)
			BackupInstance (0ms)
			ReleaseScriptingObjects (0ms)
			CreateAndSetChildDomain (19ms)
		EndReloadAssembly (922ms)
			LoadAssemblies (127ms)
			RebuildTransferFunctionScriptingTraits (0ms)
			SetupTypeCache (263ms)
			ReleaseScriptCaches (1ms)
			RebuildScriptCaches (56ms)
			SetupLoadedEditorAssemblies (428ms)
				LogAssemblyErrors (0ms)
				InitializePlatformSupportModulesInManaged (4ms)
				SetLoadedEditorAssemblies (0ms)
				RefreshPlugins (75ms)
				BeforeProcessingInitializeOnLoad (99ms)
				ProcessInitializeOnLoadAttributes (225ms)
				ProcessInitializeOnLoadMethodAttributes (18ms)
				AfterProcessingInitializeOnLoad (6ms)
				EditorAssembliesLoaded (0ms)
			ExecutionOrderSort2 (0ms)
			AwakeInstancesAfterBackupRestoration (6ms)
Platform modules already initialized, skipping
========================================================================
Worker process is ready to serve import requests
Launched and connected shader compiler UnityShaderCompiler.exe after 0.06 seconds
Refreshing native plugins compatible for Editor in 0.78 ms, found 6 plugins.
Preloading 2 native plugins for Editor in 0.12 ms.
Unloading 3593 Unused Serialized files (Serialized files now loaded: 0)
Unloading 47 unused Assets / (87.4 KB). Loaded Objects now: 4364.
Memory consumption went from 140.5 MB to 140.4 MB.
Total: 3.036700 ms (FindLiveObjects: 0.294900 ms CreateObjectMapping: 0.106800 ms MarkObjects: 2.535900 ms  DeleteObjects: 0.098300 ms)

AssetImportParameters requested are different than current active one (requested -> active):
  custom:video-decoder-ogg-theora: a1e56fd34408186e4bbccfd4996cb3dc -> 
  custom:container-muxer-webm: aa71ff27fc2769a1b78a27578f13a17b -> 
  custom:container-demuxer-webm: 4f35f7cbe854078d1ac9338744f61a02 -> 
  custom:video-encoder-webm-vp8: eb34c28f22e8b96e1ab97ce403110664 -> 
  custom:audio-encoder-webm-vorbis: bf7c407c2cedff20999df2af8eb42d56 -> 
  custom:framework-win-MediaFoundation: 216162199b28c13a410421893ffa2e32 -> 
  custom:container-demuxer-ogg: 62fdf1f143b41e24485cea50d1cbac27 -> 
  custom:video-decoder-webm-vp8: 9c59270c3fd7afecdb556c50c9e8de78 -> 
  custom:audio-decoder-ogg-vorbis: bf7c407c2cedff20999df2af8eb42d56 -> 
========================================================================
Received Import Request.
  Time since last request: 932108.893365 seconds.
  path: Assets/PlantModels/Vegetables/Tomato/Tomato.obj
  artifactKey: Guid(8286aab577d50bc46905fb6d3636de21) Importer(815301076,1909f56bfc062723c751e8b465ee728b)
Start importing Assets/PlantModels/Vegetables/Tomato/Tomato.obj using Guid(8286aab577d50bc46905fb6d3636de21) Importer(815301076,1909f56bfc062723c751e8b465ee728b)  -> (artifact id: '864620783fcfb4a5f43d59521ce5841d') in 0.176254 seconds 
========================================================================
Received Import Request.
  Time since last request: 26.648889 seconds.
  path: Assets/PlantModels/Vegetables/Tomato/TEXTURE_little_leaf.png
  artifactKey: Guid(5819c25543491834e97346a67cb04d89) Importer(815301076,1909f56bfc062723c751e8b465ee728b)
Start importing Assets/PlantModels/Vegetables/Tomato/TEXTURE_little_leaf.png using Guid(5819c25543491834e97346a67cb04d89) Importer(815301076,1909f56bfc062723c751e8b465ee728b)  -> (artifact id: 'c73502ab7c882731fba140ac4d9e6947') in 0.026659 seconds 
========================================================================
Received Import Request.
  Time since last request: 140.147587 seconds.
  path: Assets/PlantModels/Vegetables/Cucumber/Cucumber+Plant+with+Cucumbers (1).skp
  artifactKey: Guid(0966699e310ca844a90521a269f3f0d0) Importer(815301076,1909f56bfc062723c751e8b465ee728b)
Start importing Assets/PlantModels/Vegetables/Cucumber/Cucumber+Plant+with+Cucumbers (1).skp using Guid(0966699e310ca844a90521a269f3f0d0) Importer(815301076,1909f56bfc062723c751e8b465ee728b)  -> (artifact id: '4ad032d91af176644c834ab892cd34c6') in 0.076821 seconds 
========================================================================
Received Import Request.
  Time since last request: 98.993648 seconds.
  path: Assets/PlantModels/Vegetables/Corn/Corn+plant+mature.skp
  artifactKey: Guid(e5bbc174fee909d498fa0cc6e1490b9a) Importer(815301076,1909f56bfc062723c751e8b465ee728b)
Start importing Assets/PlantModels/Vegetables/Corn/Corn+plant+mature.skp using Guid(e5bbc174fee909d498fa0cc6e1490b9a) Importer(815301076,1909f56bfc062723c751e8b465ee728b)  -> (artifact id: '3a218c4450257ddffabf5944cdd51ed4') in 0.211081 seconds 
========================================================================
Received Import Request.
  Time since last request: 43.206589 seconds.
  path: Assets/PlantModels/Vegetables/Corn/3D_Corn.skp
  artifactKey: Guid(42014250a750b264082789c1ffa60f83) Importer(815301076,1909f56bfc062723c751e8b465ee728b)
Start importing Assets/PlantModels/Vegetables/Corn/3D_Corn.skp using Guid(42014250a750b264082789c1ffa60f83) Importer(815301076,1909f56bfc062723c751e8b465ee728b)  -> (artifact id: '64a32937a7d02533c71d59dc509b7915') in 0.071112 seconds 
========================================================================
Received Import Request.
  Time since last request: 225.351943 seconds.
  path: Assets/PlantModels/Vegetables/Corn/corn.fbx
  artifactKey: Guid(6a95a26c827c7384aab98ff0e1acdaf0) Importer(815301076,1909f56bfc062723c751e8b465ee728b)
Start importing Assets/PlantModels/Vegetables/Corn/corn.fbx using Guid(6a95a26c827c7384aab98ff0e1acdaf0) Importer(815301076,1909f56bfc062723c751e8b465ee728b)  -> (artifact id: '7e1967912ac712b9b64799200b39815d') in 0.027344 seconds 
========================================================================
Received Import Request.
  Time since last request: 32.023943 seconds.
  path: Assets/PlantModels/Vegetables/Corn/Unused.obj
  artifactKey: Guid(05728d28553aa604c94c1a0362776eeb) Importer(815301076,1909f56bfc062723c751e8b465ee728b)
Start importing Assets/PlantModels/Vegetables/Corn/Unused.obj using Guid(05728d28553aa604c94c1a0362776eeb) Importer(815301076,1909f56bfc062723c751e8b465ee728b)  -> (artifact id: '300413a2e6ba1e8863976a146a54514f') in 0.130016 seconds 
========================================================================
Received Import Request.
  Time since last request: 12.608475 seconds.
  path: Assets/PlantModels/Vegetables/Corn/Full_corn.fbx
  artifactKey: Guid(6a95a26c827c7384aab98ff0e1acdaf0) Importer(815301076,1909f56bfc062723c751e8b465ee728b)
Start importing Assets/PlantModels/Vegetables/Corn/Full_corn.fbx using Guid(6a95a26c827c7384aab98ff0e1acdaf0) Importer(815301076,1909f56bfc062723c751e8b465ee728b)  -> (artifact id: '4db864b18dff4b94066a72aa3010c84f') in 0.022464 seconds 
========================================================================
Received Import Request.
  Time since last request: 109.714083 seconds.
  path: Assets/PlantModels/Vegetables/Turnip/10210_Turnip_v1-L2.obj
  artifactKey: Guid(e9a9d2b5864971b42afa3706b651b034) Importer(815301076,1909f56bfc062723c751e8b465ee728b)
Start importing Assets/PlantModels/Vegetables/Turnip/10210_Turnip_v1-L2.obj using Guid(e9a9d2b5864971b42afa3706b651b034) Importer(815301076,1909f56bfc062723c751e8b465ee728b)  -> (artifact id: 'c0eaede25aa193049b45e077ed478dfd') in 0.023919 seconds 
========================================================================
Received Import Request.
  Time since last request: 17.251243 seconds.
  path: Assets/PlantModels/Vegetables/Turnip/10210_Turnip_v1-L2.obj
  artifactKey: Guid(e9a9d2b5864971b42afa3706b651b034) Importer(815301076,1909f56bfc062723c751e8b465ee728b)
Start importing Assets/PlantModels/Vegetables/Turnip/10210_Turnip_v1-L2.obj using Guid(e9a9d2b5864971b42afa3706b651b034) Importer(815301076,1909f56bfc062723c751e8b465ee728b)  -> (artifact id: '83be129f29163f200f4982dadd9a7378') in 0.018892 seconds 
========================================================================
Received Import Request.
  Time since last request: 12.218606 seconds.
  path: Assets/PlantModels/Vegetables/Turnip/Extras
  artifactKey: Guid(cdb1b7c80a0fb1942bcc1bc19e1bb7c2) Importer(815301076,1909f56bfc062723c751e8b465ee728b)
Start importing Assets/PlantModels/Vegetables/Turnip/Extras using Guid(cdb1b7c80a0fb1942bcc1bc19e1bb7c2) Importer(815301076,1909f56bfc062723c751e8b465ee728b)  -> (artifact id: 'be50c7bca28feecc8a92042d5f55df5d') in 0.001843 seconds 
========================================================================
Received Import Request.
  Time since last request: 46.788377 seconds.
  path: Assets/PlantModels/Vegetables/Turnip/10210_Turnip_v1-L2 1.obj
  artifactKey: Guid(5eb0afdfe5beff04586bb8f683d4f291) Importer(815301076,1909f56bfc062723c751e8b465ee728b)
Start importing Assets/PlantModels/Vegetables/Turnip/10210_Turnip_v1-L2 1.obj using Guid(5eb0afdfe5beff04586bb8f683d4f291) Importer(815301076,1909f56bfc062723c751e8b465ee728b)  -> (artifact id: '7b44137a8a85d6e54958bda8fd914083') in 0.021386 seconds 
========================================================================
Received Import Request.
  Time since last request: 5.126839 seconds.
  path: Assets/PlantModels/Vegetables/Turnip/10210_Turnip_v1-L2.mtl
  artifactKey: Guid(60837b54011276e4180298f45f49c507) Importer(815301076,1909f56bfc062723c751e8b465ee728b)
Start importing Assets/PlantModels/Vegetables/Turnip/10210_Turnip_v1-L2.mtl using Guid(60837b54011276e4180298f45f49c507) Importer(815301076,1909f56bfc062723c751e8b465ee728b)  -> (artifact id: 'ee87ec5991a4f643a28fccdad39195b2') in 0.004170 seconds 
========================================================================
Received Import Request.
  Time since last request: 38.124692 seconds.
  path: Assets/PlantModels/Vegetables/Turnip/10210_Turnip_v1-L2 1.mtl
  artifactKey: Guid(3dc96295d890f8e4d99967717c34fe3b) Importer(815301076,1909f56bfc062723c751e8b465ee728b)
Start importing Assets/PlantModels/Vegetables/Turnip/10210_Turnip_v1-L2 1.mtl using Guid(3dc96295d890f8e4d99967717c34fe3b) Importer(815301076,1909f56bfc062723c751e8b465ee728b)  -> (artifact id: '1e8155d17210aa7eb81be713584287a6') in 0.002393 seconds 
========================================================================
Received Import Request.
  Time since last request: 6.892384 seconds.
  path: Assets/PlantModels/Vegetables/Turnip/10210_Turnip_v1-L2 (1).prefab
  artifactKey: Guid(4657d95f6ae3e7c409ea2cff1d8f04ce) Importer(815301076,1909f56bfc062723c751e8b465ee728b)
Start importing Assets/PlantModels/Vegetables/Turnip/10210_Turnip_v1-L2 (1).prefab using Guid(4657d95f6ae3e7c409ea2cff1d8f04ce) Importer(815301076,1909f56bfc062723c751e8b465ee728b)  -> (artifact id: '12331934d016e221569fe0d5675f1a84') in 0.012355 seconds 
========================================================================
Received Import Request.
  Time since last request: 8.052716 seconds.
  path: Assets/PlantModels/Vegetables/Turnip/Full_Turnip.prefab
  artifactKey: Guid(4657d95f6ae3e7c409ea2cff1d8f04ce) Importer(815301076,1909f56bfc062723c751e8b465ee728b)
Start importing Assets/PlantModels/Vegetables/Turnip/Full_Turnip.prefab using Guid(4657d95f6ae3e7c409ea2cff1d8f04ce) Importer(815301076,1909f56bfc062723c751e8b465ee728b)  -> (artifact id: '8042ad3216b2facb1a32c0e49b2d49bc') in 0.010502 seconds 
========================================================================
Received Import Request.
  Time since last request: 10.751950 seconds.
  path: Assets/PlantModels/Vegetables/Turnip/Unused.obj
  artifactKey: Guid(f8dc89c28c0ce8045b9e2e15b7d8cc19) Importer(815301076,1909f56bfc062723c751e8b465ee728b)
Start importing Assets/PlantModels/Vegetables/Turnip/Unused.obj using Guid(f8dc89c28c0ce8045b9e2e15b7d8cc19) Importer(815301076,1909f56bfc062723c751e8b465ee728b)  -> (artifact id: 'e843d37caff99c97d4a0efaf97388241') in 0.132575 seconds 
========================================================================
Received Import Request.
  Time since last request: 48.060326 seconds.
  path: Assets/PlantModels/Vegetables/Cabbage/Extras/cabbage_model.obj
  artifactKey: Guid(0d08c147019f13941bfe079892418646) Importer(815301076,1909f56bfc062723c751e8b465ee728b)
Start importing Assets/PlantModels/Vegetables/Cabbage/Extras/cabbage_model.obj using Guid(0d08c147019f13941bfe079892418646) Importer(815301076,1909f56bfc062723c751e8b465ee728b)  -> (artifact id: 'ade5624366318a277e802925363ccef4') in 0.038632 seconds 
========================================================================
Received Import Request.
  Time since last request: 10.636968 seconds.
  path: Assets/PlantModels/Vegetables/Cabbage/Full_Cabbage.prefab
  artifactKey: Guid(53a17902e1e0f8043808a56deda26fb2) Importer(815301076,1909f56bfc062723c751e8b465ee728b)
Start importing Assets/PlantModels/Vegetables/Cabbage/Full_Cabbage.prefab using Guid(53a17902e1e0f8043808a56deda26fb2) Importer(815301076,1909f56bfc062723c751e8b465ee728b)  -> (artifact id: 'f3891fc882eb2888b93c109d87441583') in 0.014161 seconds 
========================================================================
Received Import Request.
  Time since last request: 4.020267 seconds.
  path: Assets/PBR_Floweringot/Textures/blumenkuebel.png
  artifactKey: Guid(4d2131c721784e244b90c82e4ce30ef2) Importer(815301076,1909f56bfc062723c751e8b465ee728b)
Start importing Assets/PBR_Floweringot/Textures/blumenkuebel.png using Guid(4d2131c721784e244b90c82e4ce30ef2) Importer(815301076,1909f56bfc062723c751e8b465ee728b)  -> (artifact id: '71483cb2a17d0bd20ea2e0ff31414e66') in 0.022926 seconds 
========================================================================
Received Import Request.
  Time since last request: 0.000020 seconds.
  path: Assets/PBR_Floweringot/Textures/blumenkuebel_nomal.png
  artifactKey: Guid(9ce981a74a44f0d4ba446f0810d69a10) Importer(815301076,1909f56bfc062723c751e8b465ee728b)
Start importing Assets/PBR_Floweringot/Textures/blumenkuebel_nomal.png using Guid(9ce981a74a44f0d4ba446f0810d69a10) Importer(815301076,1909f56bfc062723c751e8b465ee728b)  -> (artifact id: 'f8b6976ff13da465b524c1b8082c735a') in 0.022513 seconds 
========================================================================
Received Import Request.
  Time since last request: 12.176564 seconds.
  path: Assets/PlantModels/Vegetables/Cabbage/Full_Cabbage.prefab
  artifactKey: Guid(53a17902e1e0f8043808a56deda26fb2) Importer(815301076,1909f56bfc062723c751e8b465ee728b)
Start importing Assets/PlantModels/Vegetables/Cabbage/Full_Cabbage.prefab using Guid(53a17902e1e0f8043808a56deda26fb2) Importer(815301076,1909f56bfc062723c751e8b465ee728b)  -> (artifact id: '29acba5adb57f8fa7adfd58f6360cd11') in 0.019420 seconds 
========================================================================
Received Import Request.
  Time since last request: 21.567691 seconds.
  path: Assets/PlantModels/Vegetables/Cabbage/cabbage_model.png
  artifactKey: Guid(b094009b51ed03746ac8b1a1590a1a2b) Importer(815301076,1909f56bfc062723c751e8b465ee728b)
Start importing Assets/PlantModels/Vegetables/Cabbage/cabbage_model.png using Guid(b094009b51ed03746ac8b1a1590a1a2b) Importer(815301076,1909f56bfc062723c751e8b465ee728b)  -> (artifact id: '45bbdfb95a006a8792897111896c0263') in 0.013371 seconds 
========================================================================
Received Import Request.
  Time since last request: 28.761741 seconds.
  path: Assets/PlantModels/Vegetables/Cabbage/Full_Cabbage.prefab
  artifactKey: Guid(53a17902e1e0f8043808a56deda26fb2) Importer(815301076,1909f56bfc062723c751e8b465ee728b)
Start importing Assets/PlantModels/Vegetables/Cabbage/Full_Cabbage.prefab using Guid(53a17902e1e0f8043808a56deda26fb2) Importer(815301076,1909f56bfc062723c751e8b465ee728b)  -> (artifact id: '135b6a45c370f756f0d0707e30810b3b') in 0.003386 seconds 
========================================================================
Received Import Request.
  Time since last request: 55.693070 seconds.
  path: Assets/PlantModels/Vegetables/Cabbage/cabbage_model.prefab
  artifactKey: Guid(d99aedb75e1e1f4489a30d86f4e8d85e) Importer(815301076,1909f56bfc062723c751e8b465ee728b)
Start importing Assets/PlantModels/Vegetables/Cabbage/cabbage_model.prefab using Guid(d99aedb75e1e1f4489a30d86f4e8d85e) Importer(815301076,1909f56bfc062723c751e8b465ee728b)  -> (artifact id: 'a141202ad31ab6449dc5c85b2300cdca') in 0.020489 seconds 
========================================================================
Received Import Request.
  Time since last request: 7.989846 seconds.
  path: Assets/PlantModels/Vegetables/Cabbage/Full_Cabbage.prefab
  artifactKey: Guid(d99aedb75e1e1f4489a30d86f4e8d85e) Importer(815301076,1909f56bfc062723c751e8b465ee728b)
Start importing Assets/PlantModels/Vegetables/Cabbage/Full_Cabbage.prefab using Guid(d99aedb75e1e1f4489a30d86f4e8d85e) Importer(815301076,1909f56bfc062723c751e8b465ee728b)  -> (artifact id: '41c55e99eda691620221318b42b146de') in 0.016854 seconds 
========================================================================
Received Import Request.
  Time since last request: 479.513770 seconds.
  path: Assets/PlantModels/Herbs/Thyme
  artifactKey: Guid(7bb7de6d634f60145bfd24ae849420dd) Importer(815301076,1909f56bfc062723c751e8b465ee728b)
Start importing Assets/PlantModels/Herbs/Thyme using Guid(7bb7de6d634f60145bfd24ae849420dd) Importer(815301076,1909f56bfc062723c751e8b465ee728b)  -> (artifact id: 'b01434a5fa9912b2d9b9ae70a75c4599') in 0.007537 seconds 
========================================================================
Received Import Request.
  Time since last request: 2.407535 seconds.
  path: Assets/PlantModels/Herbs/Thyme/Thyme_pot.fbx
  artifactKey: Guid(1f31514e111a9524690a7bc723409981) Importer(815301076,1909f56bfc062723c751e8b465ee728b)
Start importing Assets/PlantModels/Herbs/Thyme/Thyme_pot.fbx using Guid(1f31514e111a9524690a7bc723409981) Importer(815301076,1909f56bfc062723c751e8b465ee728b)  -> (artifact id: '5ad3341286a22c65a5d4bae02f0ccc06') in 0.229431 seconds 
========================================================================
Received Import Request.
  Time since last request: 80.915930 seconds.
  path: Assets/PlantModels/Herbs/Thyme/Pot_Argile__UVChannel_1_ao.png
  artifactKey: Guid(29b27eeb4db5c7d4a9b64d52dfdd0b3c) Importer(815301076,1909f56bfc062723c751e8b465ee728b)
Start importing Assets/PlantModels/Herbs/Thyme/Pot_Argile__UVChannel_1_ao.png using Guid(29b27eeb4db5c7d4a9b64d52dfdd0b3c) Importer(815301076,1909f56bfc062723c751e8b465ee728b)  -> (artifact id: '99e3abe02eeb55ff26d66a93632979a6') in 0.021244 seconds 
========================================================================
Received Import Request.
  Time since last request: 0.000044 seconds.
  path: Assets/PlantModels/Herbs/Thyme/Thyme_atlas_normal.png
  artifactKey: Guid(2bcf72100e84c3848b84d5e7ad3d1bb6) Importer(815301076,1909f56bfc062723c751e8b465ee728b)
Start importing Assets/PlantModels/Herbs/Thyme/Thyme_atlas_normal.png using Guid(2bcf72100e84c3848b84d5e7ad3d1bb6) Importer(815301076,1909f56bfc062723c751e8b465ee728b)  -> (artifact id: 'ee733ac2a9b528158d93357dac67ae7a') in 0.032526 seconds 
========================================================================
Received Import Request.
  Time since last request: 0.000036 seconds.
  path: Assets/PlantModels/Herbs/Thyme/Pot_Argile__UVChannel_1_nmap.png
  artifactKey: Guid(6f8a1dfb99dd099428467d12b3dfb924) Importer(815301076,1909f56bfc062723c751e8b465ee728b)
Start importing Assets/PlantModels/Herbs/Thyme/Pot_Argile__UVChannel_1_nmap.png using Guid(6f8a1dfb99dd099428467d12b3dfb924) Importer(815301076,1909f56bfc062723c751e8b465ee728b)  -> (artifact id: '0de3dbaeaccc26f85b49a9ee4ffd2557') in 0.024993 seconds 
========================================================================
Received Import Request.
  Time since last request: 0.000040 seconds.
  path: Assets/PlantModels/Herbs/Thyme/Pot_Argile__UVChannel_1_rough.png
  artifactKey: Guid(782dd51bd16b01441bf3afe6aef37fd9) Importer(815301076,1909f56bfc062723c751e8b465ee728b)
Start importing Assets/PlantModels/Herbs/Thyme/Pot_Argile__UVChannel_1_rough.png using Guid(782dd51bd16b01441bf3afe6aef37fd9) Importer(815301076,1909f56bfc062723c751e8b465ee728b)  -> (artifact id: '9b9bdbe55d5c1b17cb2157f013277e55') in 0.017446 seconds 
========================================================================
Received Import Request.
  Time since last request: 0.000028 seconds.
  path: Assets/PlantModels/Herbs/Thyme/Thyme_atlas_color.png
  artifactKey: Guid(d34f64057bc57d747ad37a7ae93d7636) Importer(815301076,1909f56bfc062723c751e8b465ee728b)
Start importing Assets/PlantModels/Herbs/Thyme/Thyme_atlas_color.png using Guid(d34f64057bc57d747ad37a7ae93d7636) Importer(815301076,1909f56bfc062723c751e8b465ee728b)  -> (artifact id: '78f71f1317246ee23c386bd27d783fb7') in 0.019166 seconds 
========================================================================
Received Import Request.
  Time since last request: 44.623279 seconds.
  path: Assets/PlantModels/Herbs/Thyme/Extras
  artifactKey: Guid(7a40f09fd182bc3488a9a2a602be9738) Importer(815301076,1909f56bfc062723c751e8b465ee728b)
Start importing Assets/PlantModels/Herbs/Thyme/Extras using Guid(7a40f09fd182bc3488a9a2a602be9738) Importer(815301076,1909f56bfc062723c751e8b465ee728b)  -> (artifact id: '54d95299a9e4ab568b81f57bd1781d65') in 0.001770 seconds 
========================================================================
Received Import Request.
  Time since last request: 30.209833 seconds.
  path: Assets/PlantModels/Herbs/Thyme/Branches.prefab
  artifactKey: Guid(f83e8c52ea9859242950a22715a6cd81) Importer(815301076,1909f56bfc062723c751e8b465ee728b)
Start importing Assets/PlantModels/Herbs/Thyme/Branches.prefab using Guid(f83e8c52ea9859242950a22715a6cd81) Importer(815301076,1909f56bfc062723c751e8b465ee728b)  -> (artifact id: '388bdf2af010f8d49660958b94122dd2') in 0.016809 seconds 
========================================================================
Received Import Request.
  Time since last request: 10.628338 seconds.
  path: Assets/PlantModels/Herbs/Thyme/Full_Thyme.prefab
  artifactKey: Guid(f83e8c52ea9859242950a22715a6cd81) Importer(815301076,1909f56bfc062723c751e8b465ee728b)
Start importing Assets/PlantModels/Herbs/Thyme/Full_Thyme.prefab using Guid(f83e8c52ea9859242950a22715a6cd81) Importer(815301076,1909f56bfc062723c751e8b465ee728b)  -> (artifact id: '394e95744bcbff2bff4c249049d3943b') in 0.021867 seconds 
========================================================================
Received Import Request.
  Time since last request: 12.649985 seconds.
  path: Assets/PlantModels/Herbs/Thyme/Full_Thyme.prefab
  artifactKey: Guid(f83e8c52ea9859242950a22715a6cd81) Importer(815301076,1909f56bfc062723c751e8b465ee728b)
Start importing Assets/PlantModels/Herbs/Thyme/Full_Thyme.prefab using Guid(f83e8c52ea9859242950a22715a6cd81) Importer(815301076,1909f56bfc062723c751e8b465ee728b)  -> (artifact id: '37bcb37ede020af9ce25bb50705adfdb') in 0.011435 seconds 
========================================================================
Received Import Request.
  Time since last request: 261.111014 seconds.
  path: Assets/PlantModels/FloweringPlants/Marigold/marsh-marigold-high-poly.zip
  artifactKey: Guid(2026c5a53881ba748bde650da8886255) Importer(815301076,1909f56bfc062723c751e8b465ee728b)
Start importing Assets/PlantModels/FloweringPlants/Marigold/marsh-marigold-high-poly.zip using Guid(2026c5a53881ba748bde650da8886255) Importer(815301076,1909f56bfc062723c751e8b465ee728b)  -> (artifact id: 'f95edc47b8dd8b4176d39c564beffa62') in 0.011481 seconds 
========================================================================
Received Import Request.
  Time since last request: 26.434303 seconds.
  path: Assets/PlantModels/FloweringPlants/Marigold/marigold_BaseColor.png
  artifactKey: Guid(f2993ccaea5f07344b265de35b1e51ca) Importer(815301076,1909f56bfc062723c751e8b465ee728b)
Start importing Assets/PlantModels/FloweringPlants/Marigold/marigold_BaseColor.png using Guid(f2993ccaea5f07344b265de35b1e51ca) Importer(815301076,1909f56bfc062723c751e8b465ee728b)  -> (artifact id: 'abb2ab39478eb83a5dc98f60c1f39902') in 0.018586 seconds 
========================================================================
Received Import Request.
  Time since last request: 0.000033 seconds.
  path: Assets/PlantModels/FloweringPlants/Marigold/marshmarigold_high.fbx
  artifactKey: Guid(43a5901eda1305e4eaf42eb552bd3991) Importer(815301076,1909f56bfc062723c751e8b465ee728b)
Start importing Assets/PlantModels/FloweringPlants/Marigold/marshmarigold_high.fbx using Guid(43a5901eda1305e4eaf42eb552bd3991) Importer(815301076,1909f56bfc062723c751e8b465ee728b)  -> (artifact id: '781be719471d968b23e2d61982119227') in 0.150767 seconds 
========================================================================
Received Import Request.
  Time since last request: 21.598373 seconds.
  path: Assets/PlantModels/FloweringPlants/Lavender
  artifactKey: Guid(51683e1e7dffd014fb5c3762873984e4) Importer(815301076,1909f56bfc062723c751e8b465ee728b)
Start importing Assets/PlantModels/FloweringPlants/Lavender using Guid(51683e1e7dffd014fb5c3762873984e4) Importer(815301076,1909f56bfc062723c751e8b465ee728b)  -> (artifact id: '21c75a19bf325186d4b47536ae56bc6d') in 0.011615 seconds 
========================================================================
Received Import Request.
  Time since last request: 100.953647 seconds.
  path: Assets/PlantModels/FloweringPlants/Lavender/lavanda.fbx
  artifactKey: Guid(bc4d4994aeed1f646bfe00f312adf1a4) Importer(815301076,1909f56bfc062723c751e8b465ee728b)
Start importing Assets/PlantModels/FloweringPlants/Lavender/lavanda.fbx using Guid(bc4d4994aeed1f646bfe00f312adf1a4) Importer(815301076,1909f56bfc062723c751e8b465ee728b)  -> (artifact id: 'edec6a0918e06ebf1f2c06f0c7a65393') in 2.204807 seconds 
========================================================================
Received Import Request.
  Time since last request: 0.492823 seconds.
  path: Assets/PlantModels/FloweringPlants/Lavender/lavanda.png
  artifactKey: Guid(da1f9d8337ee65c46ae3faf91b0404f8) Importer(815301076,1909f56bfc062723c751e8b465ee728b)
Start importing Assets/PlantModels/FloweringPlants/Lavender/lavanda.png using Guid(da1f9d8337ee65c46ae3faf91b0404f8) Importer(815301076,1909f56bfc062723c751e8b465ee728b)  -> (artifact id: 'c0820042c0f7f1febce543f9dddefb7b') in 0.012780 seconds 
========================================================================
Received Import Request.
  Time since last request: 8.321197 seconds.
  path: Assets/PlantModels/FloweringPlants/Lavender/Textures
  artifactKey: Guid(e8ed67943c76924499c0688696ffc43d) Importer(815301076,1909f56bfc062723c751e8b465ee728b)
Start importing Assets/PlantModels/FloweringPlants/Lavender/Textures using Guid(e8ed67943c76924499c0688696ffc43d) Importer(815301076,1909f56bfc062723c751e8b465ee728b)  -> (artifact id: '608df176fafd508cf591c6bc29c86b56') in 0.006601 seconds 
========================================================================
Received Import Request.
  Time since last request: 0.057680 seconds.
  path: Assets/PlantModels/FloweringPlants/Lavender/Textures/lavanda.png
  artifactKey: Guid(8673883f298a4c54e963a42376a2fddd) Importer(815301076,1909f56bfc062723c751e8b465ee728b)
Start importing Assets/PlantModels/FloweringPlants/Lavender/Textures/lavanda.png using Guid(8673883f298a4c54e963a42376a2fddd) Importer(815301076,1909f56bfc062723c751e8b465ee728b)  -> (artifact id: '8ddb4527249a97c906665f07b0509477') in 0.011009 seconds 
========================================================================
Received Import Request.
  Time since last request: 106.510935 seconds.
  path: Assets/PlantModels/FloweringPlants/Lavender/lavanda.prefab
  artifactKey: Guid(4268d9b9d41d9cb48a548614a301aecd) Importer(815301076,1909f56bfc062723c751e8b465ee728b)
Start importing Assets/PlantModels/FloweringPlants/Lavender/lavanda.prefab using Guid(4268d9b9d41d9cb48a548614a301aecd) Importer(815301076,1909f56bfc062723c751e8b465ee728b)  -> (artifact id: 'a4cb1f24ab75fbb445b157efae678ccb') in 0.057590 seconds 
========================================================================
Received Import Request.
  Time since last request: 6.952593 seconds.
  path: Assets/PlantModels/FloweringPlants/Lavender/Full_Lavender.prefab
  artifactKey: Guid(4268d9b9d41d9cb48a548614a301aecd) Importer(815301076,1909f56bfc062723c751e8b465ee728b)
Start importing Assets/PlantModels/FloweringPlants/Lavender/Full_Lavender.prefab using Guid(4268d9b9d41d9cb48a548614a301aecd) Importer(815301076,1909f56bfc062723c751e8b465ee728b)  -> (artifact id: 'eef2fc6d8b2ef4852f065d151407ebdc') in 0.067391 seconds 
========================================================================
Received Import Request.
  Time since last request: 118.827527 seconds.
  path: Assets/Materials/New Material.mat
  artifactKey: Guid(5c8d2b9274871a74e8df4d21af37c772) Importer(815301076,1909f56bfc062723c751e8b465ee728b)
Start importing Assets/Materials/New Material.mat using Guid(5c8d2b9274871a74e8df4d21af37c772) Importer(815301076,1909f56bfc062723c751e8b465ee728b)  -> (artifact id: 'ef277606c131438218622b50d545b9f1') in 0.016389 seconds 
========================================================================
Received Import Request.
  Time since last request: 12.115026 seconds.
  path: Assets/Materials/Purple.mat
  artifactKey: Guid(5c8d2b9274871a74e8df4d21af37c772) Importer(815301076,1909f56bfc062723c751e8b465ee728b)
Start importing Assets/Materials/Purple.mat using Guid(5c8d2b9274871a74e8df4d21af37c772) Importer(815301076,1909f56bfc062723c751e8b465ee728b)  -> (artifact id: '4b508b1421abb319b994c49a80b03305') in 0.011421 seconds 
========================================================================
Received Import Request.
  Time since last request: 1344.350150 seconds.
  path: Assets/PlantModels/FloweringPlants/Lavender/Full_Lavender.prefab
  artifactKey: Guid(4268d9b9d41d9cb48a548614a301aecd) Importer(815301076,1909f56bfc062723c751e8b465ee728b)
Start importing Assets/PlantModels/FloweringPlants/Lavender/Full_Lavender.prefab using Guid(4268d9b9d41d9cb48a548614a301aecd) Importer(815301076,1909f56bfc062723c751e8b465ee728b)  -> (artifact id: 'f9ca72ae8e2193c964080ad864ad217b') in 0.057652 seconds 
========================================================================
Received Import Request.
  Time since last request: 46.470889 seconds.
  path: Assets/PlantModels/FloweringPlants/Cornflower
  artifactKey: Guid(16ab1899347d1b846a82ea29e13a505f) Importer(815301076,1909f56bfc062723c751e8b465ee728b)
Start importing Assets/PlantModels/FloweringPlants/Cornflower using Guid(16ab1899347d1b846a82ea29e13a505f) Importer(815301076,1909f56bfc062723c751e8b465ee728b)  -> (artifact id: 'ea4bd71852ee6c7f3c36f9e2f9e44569') in 0.009575 seconds 
========================================================================
Received Import Request.
  Time since last request: 891.190317 seconds.
  path: Assets/PlantModels/FloweringPlants/Cornflower/bud.jpg
  artifactKey: Guid(9de987f831a793445add318834ae3191) Importer(815301076,1909f56bfc062723c751e8b465ee728b)
Start importing Assets/PlantModels/FloweringPlants/Cornflower/bud.jpg using Guid(9de987f831a793445add318834ae3191) Importer(815301076,1909f56bfc062723c751e8b465ee728b)  -> (artifact id: '6c8dad41886a4499d796cefb133c2bc8') in 0.022753 seconds 
========================================================================
Received Import Request.
  Time since last request: 0.000054 seconds.
  path: Assets/PlantModels/FloweringPlants/Cornflower/flowers bw.jpg
  artifactKey: Guid(01c6d54278b536346b179e379c9c993a) Importer(815301076,1909f56bfc062723c751e8b465ee728b)
Start importing Assets/PlantModels/FloweringPlants/Cornflower/flowers bw.jpg using Guid(01c6d54278b536346b179e379c9c993a) Importer(815301076,1909f56bfc062723c751e8b465ee728b)  -> (artifact id: 'f3ee216ecddb9c1262d0b22b430be4d5') in 0.014985 seconds 
========================================================================
Received Import Request.
  Time since last request: 0.000026 seconds.
  path: Assets/PlantModels/FloweringPlants/Cornflower/flowers.jpg
  artifactKey: Guid(1b6cfa57c45b261499e414efec31da82) Importer(815301076,1909f56bfc062723c751e8b465ee728b)
Start importing Assets/PlantModels/FloweringPlants/Cornflower/flowers.jpg using Guid(1b6cfa57c45b261499e414efec31da82) Importer(815301076,1909f56bfc062723c751e8b465ee728b)  -> (artifact id: '136f56dc9bd92da1054a211890077a4b') in 0.015076 seconds 
========================================================================
Received Import Request.
  Time since last request: 0.000022 seconds.
  path: Assets/PlantModels/FloweringPlants/Cornflower/grass blade.jpg
  artifactKey: Guid(4dfe0c9e582b33f4a9bb20b453593a64) Importer(815301076,1909f56bfc062723c751e8b465ee728b)
Start importing Assets/PlantModels/FloweringPlants/Cornflower/grass blade.jpg using Guid(4dfe0c9e582b33f4a9bb20b453593a64) Importer(815301076,1909f56bfc062723c751e8b465ee728b)  -> (artifact id: '9ebd689bffad81153245431ab5afa134') in 0.016003 seconds 
========================================================================
Received Import Request.
  Time since last request: 0.000028 seconds.
  path: Assets/PlantModels/FloweringPlants/Cornflower/Cornflower FBX.FBX
  artifactKey: Guid(d60b94ce9ad923646b50c663bfa358a1) Importer(815301076,1909f56bfc062723c751e8b465ee728b)
Start importing Assets/PlantModels/FloweringPlants/Cornflower/Cornflower FBX.FBX using Guid(d60b94ce9ad923646b50c663bfa358a1) Importer(815301076,1909f56bfc062723c751e8b465ee728b)  -> (artifact id: '1ad89d3a4dc15035961dfafe0ef58d06') in 0.142324 seconds 
========================================================================
Received Import Request.
  Time since last request: 88.627956 seconds.
  path: Assets/PlantModels/FloweringPlants/Cornflower/Cornflower tall 05.prefab
  artifactKey: Guid(f01d0d566e56a7f4d906ee457317452a) Importer(815301076,1909f56bfc062723c751e8b465ee728b)
Start importing Assets/PlantModels/FloweringPlants/Cornflower/Cornflower tall 05.prefab using Guid(f01d0d566e56a7f4d906ee457317452a) Importer(815301076,1909f56bfc062723c751e8b465ee728b)  -> (artifact id: '7261826e5ebd83850347794589547ba2') in 0.017417 seconds 
========================================================================
Received Import Request.
  Time since last request: 7.919153 seconds.
  path: Assets/PlantModels/FloweringPlants/Cornflower/Full_CornFlower.prefab
  artifactKey: Guid(f01d0d566e56a7f4d906ee457317452a) Importer(815301076,1909f56bfc062723c751e8b465ee728b)
Start importing Assets/PlantModels/FloweringPlants/Cornflower/Full_CornFlower.prefab using Guid(f01d0d566e56a7f4d906ee457317452a) Importer(815301076,1909f56bfc062723c751e8b465ee728b)  -> (artifact id: '12fa44f81111b5502b869a57a36aea71') in 0.015342 seconds 
========================================================================
Received Import Request.
  Time since last request: 5.468383 seconds.
  path: Assets/PlantModels/FloweringPlants/Cornflower/Extras
  artifactKey: Guid(7f7f258d87229a34592a9e4831c2d2fd) Importer(815301076,1909f56bfc062723c751e8b465ee728b)
Start importing Assets/PlantModels/FloweringPlants/Cornflower/Extras using Guid(7f7f258d87229a34592a9e4831c2d2fd) Importer(815301076,1909f56bfc062723c751e8b465ee728b)  -> (artifact id: '1b479b780ea5718f1475f9aaadfdbd78') in 0.005963 seconds 
========================================================================
Received Import Request.
  Time since last request: 7.672716 seconds.
  path: Assets/PlantModels/FloweringPlants/Cornflower/flowers 1.jpg
  artifactKey: Guid(03f7bfd3f6a7f694b9eefbb48d8eeb83) Importer(815301076,1909f56bfc062723c751e8b465ee728b)
Start importing Assets/PlantModels/FloweringPlants/Cornflower/flowers 1.jpg using Guid(03f7bfd3f6a7f694b9eefbb48d8eeb83) Importer(815301076,1909f56bfc062723c751e8b465ee728b)  -> (artifact id: '0fb6ab6280a93bf6a8e4348114ef7528') in 0.011435 seconds 
========================================================================
Received Import Request.
  Time since last request: 0.000023 seconds.
  path: Assets/PlantModels/FloweringPlants/Cornflower/grass blade 1.jpg
  artifactKey: Guid(776c3bb051f7c33499bb9551a55ca326) Importer(815301076,1909f56bfc062723c751e8b465ee728b)
Start importing Assets/PlantModels/FloweringPlants/Cornflower/grass blade 1.jpg using Guid(776c3bb051f7c33499bb9551a55ca326) Importer(815301076,1909f56bfc062723c751e8b465ee728b)  -> (artifact id: 'a5e886aa0d134b162c3f098b94a7d76a') in 0.009679 seconds 
========================================================================
Received Import Request.
  Time since last request: 103.762719 seconds.
  path: Assets/PlantModels/FloweringPlants/Cornflower/Full_CornFlower.prefab
  artifactKey: Guid(f01d0d566e56a7f4d906ee457317452a) Importer(815301076,1909f56bfc062723c751e8b465ee728b)
Start importing Assets/PlantModels/FloweringPlants/Cornflower/Full_CornFlower.prefab using Guid(f01d0d566e56a7f4d906ee457317452a) Importer(815301076,1909f56bfc062723c751e8b465ee728b)  -> (artifact id: '2dbe4877257a9d5218959743da3fb1cc') in 0.011884 seconds 
========================================================================
Received Import Request.
  Time since last request: 22.500488 seconds.
  path: Assets/PlantModels/FloweringPlants/Cornflower/Extras/Materials
  artifactKey: Guid(b89fe129b5b333946b6071fa229b69da) Importer(815301076,1909f56bfc062723c751e8b465ee728b)
Start importing Assets/PlantModels/FloweringPlants/Cornflower/Extras/Materials using Guid(b89fe129b5b333946b6071fa229b69da) Importer(815301076,1909f56bfc062723c751e8b465ee728b)  -> (artifact id: '07e3f2b4cc9146544e4f4668929a7f66') in 0.007507 seconds 
========================================================================
Received Import Request.
  Time since last request: 0.059738 seconds.
  path: Assets/PlantModels/FloweringPlants/Cornflower/Extras/Materials/bud.mat
  artifactKey: Guid(fa79983034fb7a145bfb2b1cf564adac) Importer(815301076,1909f56bfc062723c751e8b465ee728b)
Start importing Assets/PlantModels/FloweringPlants/Cornflower/Extras/Materials/bud.mat using Guid(fa79983034fb7a145bfb2b1cf564adac) Importer(815301076,1909f56bfc062723c751e8b465ee728b)  -> (artifact id: '192eb23ad0b31a781f0cfab27b8ac4dd') in 0.012778 seconds 
========================================================================
Received Import Request.
  Time since last request: 428.657915 seconds.
  path: Assets/PlantModels/FloweringPlants/Marigold/Flower Buds_mm.obj
  artifactKey: Guid(2b567027855b1ef4c9a3946fa5884da8) Importer(815301076,1909f56bfc062723c751e8b465ee728b)
Start importing Assets/PlantModels/FloweringPlants/Marigold/Flower Buds_mm.obj using Guid(2b567027855b1ef4c9a3946fa5884da8) Importer(815301076,1909f56bfc062723c751e8b465ee728b)  -> (artifact id: 'd12d9a4badac035cefc5ec5597e79aa3') in 0.029933 seconds 
========================================================================
Received Import Request.
  Time since last request: 39.292776 seconds.
  path: Assets/PlantModels/FloweringPlants/Marigold/Flower Buds_mm.mtl
  artifactKey: Guid(78e450684c66b054e968885211a61f37) Importer(815301076,1909f56bfc062723c751e8b465ee728b)
Start importing Assets/PlantModels/FloweringPlants/Marigold/Flower Buds_mm.mtl using Guid(78e450684c66b054e968885211a61f37) Importer(815301076,1909f56bfc062723c751e8b465ee728b)  -> (artifact id: '2536a25dfd74e43e1242a23201bf2207') in 0.002501 seconds 
========================================================================
Received Import Request.
  Time since last request: 28.627825 seconds.
  path: Assets/PlantModels/FloweringPlants/Marigold/Flower Buds_mm_1.jpeg
  artifactKey: Guid(f150f05bb597d9747b2f196d6acea05f) Importer(815301076,1909f56bfc062723c751e8b465ee728b)
Start importing Assets/PlantModels/FloweringPlants/Marigold/Flower Buds_mm_1.jpeg using Guid(f150f05bb597d9747b2f196d6acea05f) Importer(815301076,1909f56bfc062723c751e8b465ee728b)  -> (artifact id: '913dd302f71c5b98ae8348726dabdba1') in 0.011564 seconds 
========================================================================
Received Import Request.
  Time since last request: 83.621722 seconds.
  path: Assets/Materials/buds.mat
  artifactKey: Guid(c2dff42f2e8ac1a40b7f610f28a883ba) Importer(815301076,1909f56bfc062723c751e8b465ee728b)
Start importing Assets/Materials/buds.mat using Guid(c2dff42f2e8ac1a40b7f610f28a883ba) Importer(815301076,1909f56bfc062723c751e8b465ee728b)  -> (artifact id: '24529e4651cb24471a2bfb7284ac7127') in 0.011904 seconds 
========================================================================
Received Import Request.
  Time since last request: 19.949529 seconds.
  path: Assets/_TerrainAutoUpgrade/layer_Groundplants 1_DGroundplants 1_N2023054508611406.terrainlayer
  artifactKey: Guid(c4b12c4344afee941957dcf756d37373) Importer(815301076,1909f56bfc062723c751e8b465ee728b)
Start importing Assets/_TerrainAutoUpgrade/layer_Groundplants 1_DGroundplants 1_N2023054508611406.terrainlayer using Guid(c4b12c4344afee941957dcf756d37373) Importer(815301076,1909f56bfc062723c751e8b465ee728b)  -> (artifact id: '0d213037999c53ff1eb050adb936e025') in 0.038479 seconds 
========================================================================
Received Import Request.
  Time since last request: 52.942185 seconds.
  path: Assets/PlantModels/FloweringPlants/Marigold/Flower Buds_mm.prefab
  artifactKey: Guid(88d282f1ab635f14ab82339588780acb) Importer(815301076,1909f56bfc062723c751e8b465ee728b)
Start importing Assets/PlantModels/FloweringPlants/Marigold/Flower Buds_mm.prefab using Guid(88d282f1ab635f14ab82339588780acb) Importer(815301076,1909f56bfc062723c751e8b465ee728b)  -> (artifact id: 'f7e2296c22dfe50d7380a0968c6379f9') in 0.015797 seconds 
========================================================================
Received Import Request.
  Time since last request: 22.881918 seconds.
  path: Assets/PlantModels/FloweringPlants/Marigold/Half_Marigold.prefab
  artifactKey: Guid(88d282f1ab635f14ab82339588780acb) Importer(815301076,1909f56bfc062723c751e8b465ee728b)
Start importing Assets/PlantModels/FloweringPlants/Marigold/Half_Marigold.prefab using Guid(88d282f1ab635f14ab82339588780acb) Importer(815301076,1909f56bfc062723c751e8b465ee728b)  -> (artifact id: '5c8179782c7173998a440fdc85177c08') in 0.013698 seconds 
========================================================================
Received Import Request.
  Time since last request: 8.752005 seconds.
  path: Assets/PlantModels/FloweringPlants/Marigold/Full_Marigold.fbx
  artifactKey: Guid(43a5901eda1305e4eaf42eb552bd3991) Importer(815301076,1909f56bfc062723c751e8b465ee728b)
Start importing Assets/PlantModels/FloweringPlants/Marigold/Full_Marigold.fbx using Guid(43a5901eda1305e4eaf42eb552bd3991) Importer(815301076,1909f56bfc062723c751e8b465ee728b)  -> (artifact id: 'c840290ceae446552f50497613c0a734') in 0.031228 seconds 
========================================================================
Received Import Request.
  Time since last request: 155.518210 seconds.
  path: Assets/PlantModels/FloweringPlants/Cornflower/white flower.fbx
  artifactKey: Guid(9871a01a260d72d4abdd71e50c384826) Importer(815301076,1909f56bfc062723c751e8b465ee728b)
Start importing Assets/PlantModels/FloweringPlants/Cornflower/white flower.fbx using Guid(9871a01a260d72d4abdd71e50c384826) Importer(815301076,1909f56bfc062723c751e8b465ee728b)  -> (artifact id: 'e448cec93b83d85347f4db427ec76fb9') in 0.061906 seconds 
========================================================================
Received Import Request.
  Time since last request: 81.117632 seconds.
  path: Assets/PlantModels/FloweringPlants/Cornflower/grass.png
  artifactKey: Guid(615a888a3d9e13442b4f605d99ef9088) Importer(815301076,1909f56bfc062723c751e8b465ee728b)
Start importing Assets/PlantModels/FloweringPlants/Cornflower/grass.png using Guid(615a888a3d9e13442b4f605d99ef9088) Importer(815301076,1909f56bfc062723c751e8b465ee728b)  -> (artifact id: 'defbf7abaebaa07f73bd6f57d37d77a8') in 0.013982 seconds 
========================================================================
Received Import Request.
  Time since last request: 0.000032 seconds.
  path: Assets/PlantModels/FloweringPlants/Cornflower/petal.png
  artifactKey: Guid(c7b676dde7a8e9e4d8dc60cde40b0db3) Importer(815301076,1909f56bfc062723c751e8b465ee728b)
Start importing Assets/PlantModels/FloweringPlants/Cornflower/petal.png using Guid(c7b676dde7a8e9e4d8dc60cde40b0db3) Importer(815301076,1909f56bfc062723c751e8b465ee728b)  -> (artifact id: 'd28926d68bc76c11bb4dfbc19886957d') in 0.014988 seconds 
========================================================================
Received Import Request.
  Time since last request: 0.000020 seconds.
  path: Assets/PlantModels/FloweringPlants/Cornflower/white flower.fbx
  artifactKey: Guid(9871a01a260d72d4abdd71e50c384826) Importer(815301076,1909f56bfc062723c751e8b465ee728b)
Start importing Assets/PlantModels/FloweringPlants/Cornflower/white flower.fbx using Guid(9871a01a260d72d4abdd71e50c384826) Importer(815301076,1909f56bfc062723c751e8b465ee728b)  -> (artifact id: '969ea26a429ba6574ceb7390236a4a2c') in 0.079973 seconds 
========================================================================
Received Import Request.
  Time since last request: 74.082603 seconds.
  path: Assets/PlantModels/FloweringPlants/Cornflower/white flower.fbx
  artifactKey: Guid(9871a01a260d72d4abdd71e50c384826) Importer(815301076,1909f56bfc062723c751e8b465ee728b)
Start importing Assets/PlantModels/FloweringPlants/Cornflower/white flower.fbx using Guid(9871a01a260d72d4abdd71e50c384826) Importer(815301076,1909f56bfc062723c751e8b465ee728b)  -> (artifact id: 'd90940ece6481c60cd035ae3946bc866') in 0.059998 seconds 
========================================================================
Received Import Request.
  Time since last request: 3.683302 seconds.
  path: Assets/PlantModels/FloweringPlants/Cornflower/white flower.fbx
  artifactKey: Guid(9871a01a260d72d4abdd71e50c384826) Importer(815301076,1909f56bfc062723c751e8b465ee728b)
Start importing Assets/PlantModels/FloweringPlants/Cornflower/white flower.fbx using Guid(9871a01a260d72d4abdd71e50c384826) Importer(815301076,1909f56bfc062723c751e8b465ee728b)  -> (artifact id: '49374fa0ca68738e8ebfdb9b554c3b4f') in 0.050481 seconds 
========================================================================
Received Import Request.
  Time since last request: 126.314004 seconds.
  path: Assets/PlantModels/FloweringPlants/Cornflower/stigma.png
  artifactKey: Guid(a0609a43cc969f1438643913111046ba) Importer(815301076,1909f56bfc062723c751e8b465ee728b)
Start importing Assets/PlantModels/FloweringPlants/Cornflower/stigma.png using Guid(a0609a43cc969f1438643913111046ba) Importer(815301076,1909f56bfc062723c751e8b465ee728b)  -> (artifact id: 'c9d13f3fa153de6c5202bb82c6a7f7df') in 0.012295 seconds 
========================================================================
Received Import Request.
  Time since last request: 18.458741 seconds.
  path: Assets/PlantModels/FloweringPlants/Cornflower/petal.png
  artifactKey: Guid(c7b676dde7a8e9e4d8dc60cde40b0db3) Importer(815301076,1909f56bfc062723c751e8b465ee728b)
Start importing Assets/PlantModels/FloweringPlants/Cornflower/petal.png using Guid(c7b676dde7a8e9e4d8dc60cde40b0db3) Importer(815301076,1909f56bfc062723c751e8b465ee728b)  -> (artifact id: 'f77a3f4cd5740fdd4536e1578c3d6a1f') in 0.012894 seconds 
========================================================================
Received Import Request.
  Time since last request: 21.494997 seconds.
  path: Assets/PlantModels/FloweringPlants/Cornflower/white flower.prefab
  artifactKey: Guid(d047f5764064fc94283ea28e9d745d63) Importer(815301076,1909f56bfc062723c751e8b465ee728b)
Start importing Assets/PlantModels/FloweringPlants/Cornflower/white flower.prefab using Guid(d047f5764064fc94283ea28e9d745d63) Importer(815301076,1909f56bfc062723c751e8b465ee728b)  -> (artifact id: '3013d38f98d5837cfba236cd4c4b2456') in 0.015368 seconds 
========================================================================
Received Import Request.
  Time since last request: 42.268969 seconds.
  path: Assets/PlantModels/FloweringPlants/Cornflower/Full_CornFlower.prefab
  artifactKey: Guid(d047f5764064fc94283ea28e9d745d63) Importer(815301076,1909f56bfc062723c751e8b465ee728b)
Start importing Assets/PlantModels/FloweringPlants/Cornflower/Full_CornFlower.prefab using Guid(d047f5764064fc94283ea28e9d745d63) Importer(815301076,1909f56bfc062723c751e8b465ee728b)  -> (artifact id: '9f1c1fa6e8db255d8290702afde374ed') in 0.012987 seconds 
========================================================================
Received Import Request.
  Time since last request: 243.377465 seconds.
  path: Assets/PlantModels/Herbs/Rosemary/Preview - wire 2.png
  artifactKey: Guid(46e77b5c5b8ae0449b6bd6daac3bbc96) Importer(815301076,1909f56bfc062723c751e8b465ee728b)
Start importing Assets/PlantModels/Herbs/Rosemary/Preview - wire 2.png using Guid(46e77b5c5b8ae0449b6bd6daac3bbc96) Importer(815301076,1909f56bfc062723c751e8b465ee728b)  -> (artifact id: 'ec02d386be54e48512ac53326dd50fc3') in 0.017945 seconds 
========================================================================
Received Import Request.
  Time since last request: 0.000040 seconds.
  path: Assets/PlantModels/Herbs/Rosemary/Preview.png
  artifactKey: Guid(f4295c46444a3c641bee5430e00316ad) Importer(815301076,1909f56bfc062723c751e8b465ee728b)
Start importing Assets/PlantModels/Herbs/Rosemary/Preview.png using Guid(f4295c46444a3c641bee5430e00316ad) Importer(815301076,1909f56bfc062723c751e8b465ee728b)  -> (artifact id: '0f50e90a42d2f16b8b199364552bf05e') in 0.015952 seconds 
========================================================================
Received Import Request.
  Time since last request: 0.000026 seconds.
  path: Assets/PlantModels/Herbs/Rosemary/Rau om 1.jpg
  artifactKey: Guid(351f38c59ca71b943a43be6720cc1290) Importer(815301076,1909f56bfc062723c751e8b465ee728b)
Start importing Assets/PlantModels/Herbs/Rosemary/Rau om 1.jpg using Guid(351f38c59ca71b943a43be6720cc1290) Importer(815301076,1909f56bfc062723c751e8b465ee728b)  -> (artifact id: '36a12a1e8cdecee7524a77ff1d06343c') in 0.014159 seconds 
========================================================================
Received Import Request.
  Time since last request: 0.000024 seconds.
  path: Assets/PlantModels/Herbs/Rosemary/Rau om 2.jpg
  artifactKey: Guid(b84ab555f65e0e04aa920da33d5471d7) Importer(815301076,1909f56bfc062723c751e8b465ee728b)
Start importing Assets/PlantModels/Herbs/Rosemary/Rau om 2.jpg using Guid(b84ab555f65e0e04aa920da33d5471d7) Importer(815301076,1909f56bfc062723c751e8b465ee728b)  -> (artifact id: '3057594cf33fb6a5190dffc17d98a3bd') in 0.013486 seconds 
========================================================================
Received Import Request.
  Time since last request: 0.000032 seconds.
  path: Assets/PlantModels/Herbs/Rosemary/Rau om 3.jpg
  artifactKey: Guid(1b25f1cb56fbe274eb36dc05f5df1149) Importer(815301076,1909f56bfc062723c751e8b465ee728b)
Start importing Assets/PlantModels/Herbs/Rosemary/Rau om 3.jpg using Guid(1b25f1cb56fbe274eb36dc05f5df1149) Importer(815301076,1909f56bfc062723c751e8b465ee728b)  -> (artifact id: 'da0ec4c909721650b68a72732429ee02') in 0.014328 seconds 
========================================================================
Received Import Request.
  Time since last request: 0.000034 seconds.
  path: Assets/PlantModels/Herbs/Rosemary/Rau Om.obj
  artifactKey: Guid(9b270ae00808e3d4485cf34f8ece4834) Importer(815301076,1909f56bfc062723c751e8b465ee728b)
Start importing Assets/PlantModels/Herbs/Rosemary/Rau Om.obj using Guid(9b270ae00808e3d4485cf34f8ece4834) Importer(815301076,1909f56bfc062723c751e8b465ee728b)  -> (artifact id: '8d592bd4cddf29154840afc425e85c7c') in 0.058995 seconds 
========================================================================
Received Import Request.
  Time since last request: 166.105305 seconds.
  path: Assets/PlantModels/Herbs/Rosemary/Rau om 4.jpg
  artifactKey: Guid(fce9ceed9fd6c074cb9119b2b4e4b8e3) Importer(815301076,1909f56bfc062723c751e8b465ee728b)
Start importing Assets/PlantModels/Herbs/Rosemary/Rau om 4.jpg using Guid(fce9ceed9fd6c074cb9119b2b4e4b8e3) Importer(815301076,1909f56bfc062723c751e8b465ee728b)  -> (artifact id: 'd61c5b61cfb8cff9e9cfc3cb86be13e6') in 0.012831 seconds 
========================================================================
Received Import Request.
  Time since last request: 41.074973 seconds.
  path: Assets/PlantModels/Herbs/Rosemary/Rau Om.prefab
  artifactKey: Guid(e3c31804db89c564281c30f457c033e5) Importer(815301076,1909f56bfc062723c751e8b465ee728b)
Start importing Assets/PlantModels/Herbs/Rosemary/Rau Om.prefab using Guid(e3c31804db89c564281c30f457c033e5) Importer(815301076,1909f56bfc062723c751e8b465ee728b)  -> (artifact id: '4af70d2565fbd79b017b37bd49bab955') in 0.018452 seconds 
========================================================================
Received Import Request.
  Time since last request: 13.588209 seconds.
  path: Assets/PlantModels/Herbs/Rosemary/Full_Rosemary.prefab
  artifactKey: Guid(e3c31804db89c564281c30f457c033e5) Importer(815301076,1909f56bfc062723c751e8b465ee728b)
Start importing Assets/PlantModels/Herbs/Rosemary/Full_Rosemary.prefab using Guid(e3c31804db89c564281c30f457c033e5) Importer(815301076,1909f56bfc062723c751e8b465ee728b)  -> (artifact id: '2513e9630a8748979a4e6c34d9598954') in 0.012925 seconds 
========================================================================
Received Import Request.
  Time since last request: 14.627644 seconds.
  path: Assets/PlantModels/Herbs/Rosemary/Rau Om.FBX
  artifactKey: Guid(f4565c26cd5bce74498ac573f3ef2dfa) Importer(815301076,1909f56bfc062723c751e8b465ee728b)
Start importing Assets/PlantModels/Herbs/Rosemary/Rau Om.FBX using Guid(f4565c26cd5bce74498ac573f3ef2dfa) Importer(815301076,1909f56bfc062723c751e8b465ee728b)  -> (artifact id: 'bc3320899e26d3faae8306c45620a1ef') in 0.079591 seconds 
========================================================================
Received Import Request.
  Time since last request: 142.557418 seconds.
  path: Assets/PlantModels/Herbs/Mint/Mint plant.jpg
  artifactKey: Guid(a36f3e37622da574383767739ed9d96c) Importer(815301076,1909f56bfc062723c751e8b465ee728b)
Start importing Assets/PlantModels/Herbs/Mint/Mint plant.jpg using Guid(a36f3e37622da574383767739ed9d96c) Importer(815301076,1909f56bfc062723c751e8b465ee728b)  -> (artifact id: 'cebd37c45a702c5d70f7e3f7749b9e96') in 0.011737 seconds 
========================================================================
Received Import Request.
  Time since last request: 715.129942 seconds.
  path: Assets/PlantModels/Herbs/Cilantro/Parsley_standart.obj
  artifactKey: Guid(c6eecc1f3260a31438c94d2f5755e9fa) Importer(815301076,1909f56bfc062723c751e8b465ee728b)
Start importing Assets/PlantModels/Herbs/Cilantro/Parsley_standart.obj using Guid(c6eecc1f3260a31438c94d2f5755e9fa) Importer(815301076,1909f56bfc062723c751e8b465ee728b)  -> (artifact id: '8ad4b7ea49d4d95d9beeba889a0a4e26') in 0.164689 seconds 
========================================================================
Received Import Request.
  Time since last request: 242.662626 seconds.
  path: Assets/PlantModels/Herbs/Cilantro/Parsley_standart.prefab
  artifactKey: Guid(102db3d3ef59bea4f842d22367d3322d) Importer(815301076,1909f56bfc062723c751e8b465ee728b)
Start importing Assets/PlantModels/Herbs/Cilantro/Parsley_standart.prefab using Guid(102db3d3ef59bea4f842d22367d3322d) Importer(815301076,1909f56bfc062723c751e8b465ee728b)  -> (artifact id: '3f62882da1cb074864b8cef718fb61de') in 0.012807 seconds 
========================================================================
Received Import Request.
  Time since last request: 12.872540 seconds.
  path: Assets/PlantModels/Herbs/Cilantro/Full_Cilantro.prefab
  artifactKey: Guid(102db3d3ef59bea4f842d22367d3322d) Importer(815301076,1909f56bfc062723c751e8b465ee728b)
Start importing Assets/PlantModels/Herbs/Cilantro/Full_Cilantro.prefab using Guid(102db3d3ef59bea4f842d22367d3322d) Importer(815301076,1909f56bfc062723c751e8b465ee728b)  -> (artifact id: '083c661f6d1f57ab919c3277fda96740') in 0.013873 seconds 
========================================================================
Received Import Request.
  Time since last request: 18.598277 seconds.
  path: Assets/PlantModels/Herbs/Cilantro/Full_Cilantro.prefab
  artifactKey: Guid(102db3d3ef59bea4f842d22367d3322d) Importer(815301076,1909f56bfc062723c751e8b465ee728b)
Start importing Assets/PlantModels/Herbs/Cilantro/Full_Cilantro.prefab using Guid(102db3d3ef59bea4f842d22367d3322d) Importer(815301076,1909f56bfc062723c751e8b465ee728b)  -> (artifact id: '2df6dce602ce5e54e7a3233be1625b0c') in 0.009114 seconds 
========================================================================
Received Import Request.
  Time since last request: 0.573060 seconds.
  path: Assets/PlantModels/Herbs/Cilantro/Full_Cilantro.prefab
  artifactKey: Guid(102db3d3ef59bea4f842d22367d3322d) Importer(815301076,1909f56bfc062723c751e8b465ee728b)
Start importing Assets/PlantModels/Herbs/Cilantro/Full_Cilantro.prefab using Guid(102db3d3ef59bea4f842d22367d3322d) Importer(815301076,1909f56bfc062723c751e8b465ee728b)  -> (artifact id: '1d9e2d4c4b1c08f7e43f0dd3933ea10d') in 0.009399 seconds 
========================================================================
Received Import Request.
  Time since last request: 1.999647 seconds.
  path: Assets/PlantModels/Herbs/Cilantro/Full_Cilantro.prefab
  artifactKey: Guid(102db3d3ef59bea4f842d22367d3322d) Importer(815301076,1909f56bfc062723c751e8b465ee728b)
Start importing Assets/PlantModels/Herbs/Cilantro/Full_Cilantro.prefab using Guid(102db3d3ef59bea4f842d22367d3322d) Importer(815301076,1909f56bfc062723c751e8b465ee728b)  -> (artifact id: '66377e32e8b72e3cde6013d937c85624') in 0.009805 seconds 
========================================================================
Received Import Request.
  Time since last request: 45.747406 seconds.
  path: Assets/PlantModels/Herbs/Cilantro/Full_Cilantro.prefab
  artifactKey: Guid(102db3d3ef59bea4f842d22367d3322d) Importer(815301076,1909f56bfc062723c751e8b465ee728b)
Start importing Assets/PlantModels/Herbs/Cilantro/Full_Cilantro.prefab using Guid(102db3d3ef59bea4f842d22367d3322d) Importer(815301076,1909f56bfc062723c751e8b465ee728b)  -> (artifact id: '9931b211624b2d1948af2f734ea99189') in 0.012342 seconds 
========================================================================
Received Import Request.
  Time since last request: 2.069310 seconds.
  path: Assets/PlantModels/Herbs/Cilantro/Full_Cilantro.prefab
  artifactKey: Guid(102db3d3ef59bea4f842d22367d3322d) Importer(815301076,1909f56bfc062723c751e8b465ee728b)
Start importing Assets/PlantModels/Herbs/Cilantro/Full_Cilantro.prefab using Guid(102db3d3ef59bea4f842d22367d3322d) Importer(815301076,1909f56bfc062723c751e8b465ee728b)  -> (artifact id: '3c6cd33cf58b03214637c3677b3a45cb') in 0.017493 seconds 
========================================================================
Received Import Request.
  Time since last request: 1.254470 seconds.
  path: Assets/PlantModels/Herbs/Cilantro/Full_Cilantro.prefab
  artifactKey: Guid(102db3d3ef59bea4f842d22367d3322d) Importer(815301076,1909f56bfc062723c751e8b465ee728b)
Start importing Assets/PlantModels/Herbs/Cilantro/Full_Cilantro.prefab using Guid(102db3d3ef59bea4f842d22367d3322d) Importer(815301076,1909f56bfc062723c751e8b465ee728b)  -> (artifact id: 'b8ccf7502b8981691ec9747c76413d56') in 0.012461 seconds 
========================================================================
Received Import Request.
  Time since last request: 52.364517 seconds.
  path: Assets/PlantModels/Herbs/Cilantro/Full_Cilantro.prefab
  artifactKey: Guid(102db3d3ef59bea4f842d22367d3322d) Importer(815301076,1909f56bfc062723c751e8b465ee728b)
Start importing Assets/PlantModels/Herbs/Cilantro/Full_Cilantro.prefab using Guid(102db3d3ef59bea4f842d22367d3322d) Importer(815301076,1909f56bfc062723c751e8b465ee728b)  -> (artifact id: '790fdbb34a8366ac2f4b4b0a95d1dae2') in 0.015491 seconds 
========================================================================
Received Import Request.
  Time since last request: 2986.810467 seconds.
  path: Assets/PlantModels/Herbs/Cilantro
  artifactKey: Guid(cc129c1ab54a0414f8c51a0cff203d97) Importer(815301076,1909f56bfc062723c751e8b465ee728b)
Start importing Assets/PlantModels/Herbs/Cilantro using Guid(cc129c1ab54a0414f8c51a0cff203d97) Importer(815301076,1909f56bfc062723c751e8b465ee728b)  -> (artifact id: '6ca035a0d6635bd6abe38f35a903d6a5') in 0.010445 seconds 
========================================================================
Received Import Request.
  Time since last request: 5.706117 seconds.
  path: Assets/PlantModels/Herbs/Rosemary
  artifactKey: Guid(eb850d2b3a9809540b158dd2221fa385) Importer(815301076,1909f56bfc062723c751e8b465ee728b)
Start importing Assets/PlantModels/Herbs/Rosemary using Guid(eb850d2b3a9809540b158dd2221fa385) Importer(815301076,1909f56bfc062723c751e8b465ee728b)  -> (artifact id: 'b2b903e546cce12bc2af8b3ea0cb3f77') in 0.006666 seconds 
========================================================================
Received Import Request.
  Time since last request: 419.194873 seconds.
  path: Assets/PlantModels/Herbs/Mint
  artifactKey: Guid(1456e92f28a83974dbcfbd78591352ef) Importer(815301076,1909f56bfc062723c751e8b465ee728b)
Start importing Assets/PlantModels/Herbs/Mint using Guid(1456e92f28a83974dbcfbd78591352ef) Importer(815301076,1909f56bfc062723c751e8b465ee728b)  -> (artifact id: '3e47126d7e9b0ee71a1544eb837b62a1') in 0.007986 seconds 
========================================================================
Received Import Request.
  Time since last request: 15.278983 seconds.
  path: Assets/PlantModels/Herbs/Mint/mint leaves.fbx
  artifactKey: Guid(b063371882206fe4f9a05eec4ec851b2) Importer(815301076,1909f56bfc062723c751e8b465ee728b)
Start importing Assets/PlantModels/Herbs/Mint/mint leaves.fbx using Guid(b063371882206fe4f9a05eec4ec851b2) Importer(815301076,1909f56bfc062723c751e8b465ee728b)  -> (artifact id: 'bbaf987df8865648ea071c9f077d16be') in 0.084308 seconds 
========================================================================
Received Import Request.
  Time since last request: 132.782463 seconds.
  path: Assets/PlantModels/Herbs/Mint/alfa  .png
  artifactKey: Guid(cbab062f1b0c35c4194a94a96655ea80) Importer(815301076,1909f56bfc062723c751e8b465ee728b)
Start importing Assets/PlantModels/Herbs/Mint/alfa  .png using Guid(cbab062f1b0c35c4194a94a96655ea80) Importer(815301076,1909f56bfc062723c751e8b465ee728b)  -> (artifact id: 'fbbe7f8ea02d2760ceefcb6038cc51b7') in 0.011964 seconds 
========================================================================
Received Import Request.
  Time since last request: 0.095460 seconds.
  path: Assets/PlantModels/Herbs/Mint/mint leaves.fbx
  artifactKey: Guid(b063371882206fe4f9a05eec4ec851b2) Importer(815301076,1909f56bfc062723c751e8b465ee728b)
Start importing Assets/PlantModels/Herbs/Mint/mint leaves.fbx using Guid(b063371882206fe4f9a05eec4ec851b2) Importer(815301076,1909f56bfc062723c751e8b465ee728b)  -> (artifact id: '6607769201483eab3eca88649f66a0ef') in 0.127129 seconds 
Editor requested this worker to shutdown with reason: Scaling down because of idle timeout
AssetImportWorker is now disconnected from the server
Process exiting
Exiting without the bug reporter. Application will terminate with return code 0