Using pre-set license
Built from '2021.3/staging' branch; Version is '2021.3.23f1 (213b516bf396) revision 2177873'; Using compiler version '192829333'; Build Type 'Release'
OS: 'Windows 11  (10.0.22621) 64bit CoreSingleLanguage' Language: 'en' Physical Memory: 15724 MB
BatchMode: 1, IsHumanControllingUs: 0, StartBugReporterOnCrash: 0, Is64bit: 1, IsPro: 1

COMMAND LINE ARGUMENTS:
C:\Program Files\Unity\Hub\Editor\2021.3.23f1\Editor\Unity.exe
-adb2
-batchMode
-noUpm
-name
AssetImportWorker7
-projectPath
C:/College/Y2S3/Virtual Reality/Clone Planting Sim/Planting-Sim
-logFile
Logs/AssetImportWorker7.log
-srvPort
58119
Successfully changed project path to: C:/College/Y2S3/Virtual Reality/Clone Planting Sim/Planting-Sim
C:/College/Y2S3/Virtual Reality/Clone Planting Sim/Planting-Sim
[UnityMemory] Configuration Parameters - Can be set up in boot.config
    "memorysetup-bucket-allocator-granularity=16"
    "memorysetup-bucket-allocator-bucket-count=8"
    "memorysetup-bucket-allocator-block-size=33554432"
    "memorysetup-bucket-allocator-block-count=8"
    "memorysetup-main-allocator-block-size=16777216"
    "memorysetup-thread-allocator-block-size=16777216"
    "memorysetup-gfx-main-allocator-block-size=16777216"
    "memorysetup-gfx-thread-allocator-block-size=16777216"
    "memorysetup-cache-allocator-block-size=4194304"
    "memorysetup-typetree-allocator-block-size=2097152"
    "memorysetup-profiler-bucket-allocator-granularity=16"
    "memorysetup-profiler-bucket-allocator-bucket-count=8"
    "memorysetup-profiler-bucket-allocator-block-size=33554432"
    "memorysetup-profiler-bucket-allocator-block-count=8"
    "memorysetup-profiler-allocator-block-size=16777216"
    "memorysetup-profiler-editor-allocator-block-size=1048576"
    "memorysetup-temp-allocator-size-main=16777216"
    "memorysetup-job-temp-allocator-block-size=2097152"
    "memorysetup-job-temp-allocator-block-size-background=1048576"
    "memorysetup-job-temp-allocator-reduction-small-platforms=262144"
    "memorysetup-temp-allocator-size-background-worker=32768"
    "memorysetup-temp-allocator-size-job-worker=262144"
    "memorysetup-temp-allocator-size-preload-manager=33554432"
    "memorysetup-temp-allocator-size-nav-mesh-worker=65536"
    "memorysetup-temp-allocator-size-audio-worker=65536"
    "memorysetup-temp-allocator-size-cloud-worker=32768"
    "memorysetup-temp-allocator-size-gi-baking-worker=262144"
    "memorysetup-temp-allocator-size-gfx=262144"
Player connection [30448] Host "[IP] 192.168.0.124 [Port] 0 [Flags] 2 [Guid] 3749631194 [EditorId] 3749631194 [Version] 1048832 [Id] WindowsEditor(7,Zully) [Debug] 1 [PackageName] WindowsEditor [ProjectName] Editor" joined multi-casting on [225.0.0.222:54997]...

Player connection [30448] Host "[IP] 192.168.0.124 [Port] 0 [Flags] 2 [Guid] 3749631194 [EditorId] 3749631194 [Version] 1048832 [Id] WindowsEditor(7,Zully) [Debug] 1 [PackageName] WindowsEditor [ProjectName] Editor" joined alternative multi-casting on [225.0.0.222:34997]...

Refreshing native plugins compatible for Editor in 89.05 ms, found 6 plugins.
Preloading 2 native plugins for Editor in 2.84 ms.
Initialize engine version: 2021.3.23f1 (213b516bf396)
[Subsystems] Discovering subsystems at path C:/Program Files/Unity/Hub/Editor/2021.3.23f1/Editor/Data/Resources/UnitySubsystems
[Subsystems] Discovering subsystems at path C:/College/Y2S3/Virtual Reality/Clone Planting Sim/Planting-Sim/Assets
GfxDevice: creating device client; threaded=0; jobified=0
Direct3D:
    Version:  Direct3D 11.0 [level 11.1]
    Renderer: NVIDIA GeForce RTX 3050 Ti Laptop GPU (ID=0x25a0)
    Vendor:   NVIDIA
    VRAM:     3990 MB
    Driver:   30.0.15.1274
Initialize mono
Mono path[0] = 'C:/Program Files/Unity/Hub/Editor/2021.3.23f1/Editor/Data/Managed'
Mono path[1] = 'C:/Program Files/Unity/Hub/Editor/2021.3.23f1/Editor/Data/MonoBleedingEdge/lib/mono/unityjit-win32'
Mono config path = 'C:/Program Files/Unity/Hub/Editor/2021.3.23f1/Editor/Data/MonoBleedingEdge/etc'
Using monoOptions --debugger-agent=transport=dt_socket,embedding=1,server=y,suspend=n,address=127.0.0.1:56884
Begin MonoManager ReloadAssembly
Registering precompiled unity dll's ...
Register platform support module: C:/Program Files/Unity/Hub/Editor/2021.3.23f1/Editor/Data/PlaybackEngines/WindowsStandaloneSupport/UnityEditor.WindowsStandalone.Extensions.dll
Registered in 0.004654 seconds.
Native extension for WindowsStandalone target not found
Refreshing native plugins compatible for Editor in 74.52 ms, found 6 plugins.
Preloading 2 native plugins for Editor in 0.20 ms.
Mono: successfully reloaded assembly
- Completed reload, in  0.602 seconds
Domain Reload Profiling:
	ReloadAssembly (603ms)
		BeginReloadAssembly (89ms)
			ExecutionOrderSort (0ms)
			DisableScriptedObjects (0ms)
			BackupInstance (0ms)
			ReleaseScriptingObjects (0ms)
			CreateAndSetChildDomain (1ms)
		EndReloadAssembly (417ms)
			LoadAssemblies (87ms)
			RebuildTransferFunctionScriptingTraits (0ms)
			SetupTypeCache (101ms)
			ReleaseScriptCaches (0ms)
			RebuildScriptCaches (24ms)
			SetupLoadedEditorAssemblies (242ms)
				LogAssemblyErrors (0ms)
				InitializePlatformSupportModulesInManaged (7ms)
				SetLoadedEditorAssemblies (0ms)
				RefreshPlugins (75ms)
				BeforeProcessingInitializeOnLoad (1ms)
				ProcessInitializeOnLoadAttributes (116ms)
				ProcessInitializeOnLoadMethodAttributes (42ms)
				AfterProcessingInitializeOnLoad (0ms)
				EditorAssembliesLoaded (0ms)
			ExecutionOrderSort2 (0ms)
			AwakeInstancesAfterBackupRestoration (0ms)
Platform modules already initialized, skipping
Registering precompiled user dll's ...
Registered in 0.009300 seconds.
Begin MonoManager ReloadAssembly
Symbol file LoadedFromMemory doesn't match image C:\College\Y2S3\Virtual Reality\Clone Planting Sim\Planting-Sim\Library\PackageCache\com.unity.visualscripting@1.8.0\Editor\VisualScripting.Core\Dependencies\DotNetZip\Unity.VisualScripting.IonicZip.dll
Symbol file LoadedFromMemory doesn't match image C:\College\Y2S3\Virtual Reality\Clone Planting Sim\Planting-Sim\Library\PackageCache\com.unity.visualscripting@1.8.0\Editor\VisualScripting.Core\Dependencies\YamlDotNet\Unity.VisualScripting.YamlDotNet.dll
Native extension for WindowsStandalone target not found
Refreshing native plugins compatible for Editor in 73.58 ms, found 6 plugins.
Preloading 2 native plugins for Editor in 0.17 ms.
Package Manager log level set to [2]
Mono: successfully reloaded assembly
- Completed reload, in  1.088 seconds
Domain Reload Profiling:
	ReloadAssembly (1089ms)
		BeginReloadAssembly (102ms)
			ExecutionOrderSort (0ms)
			DisableScriptedObjects (5ms)
			BackupInstance (0ms)
			ReleaseScriptingObjects (0ms)
			CreateAndSetChildDomain (17ms)
		EndReloadAssembly (889ms)
			LoadAssemblies (97ms)
			RebuildTransferFunctionScriptingTraits (0ms)
			SetupTypeCache (274ms)
			ReleaseScriptCaches (1ms)
			RebuildScriptCaches (53ms)
			SetupLoadedEditorAssemblies (418ms)
				LogAssemblyErrors (0ms)
				InitializePlatformSupportModulesInManaged (4ms)
				SetLoadedEditorAssemblies (0ms)
				RefreshPlugins (74ms)
				BeforeProcessingInitializeOnLoad (96ms)
				ProcessInitializeOnLoadAttributes (221ms)
				ProcessInitializeOnLoadMethodAttributes (17ms)
				AfterProcessingInitializeOnLoad (6ms)
				EditorAssembliesLoaded (0ms)
			ExecutionOrderSort2 (0ms)
			AwakeInstancesAfterBackupRestoration (6ms)
Platform modules already initialized, skipping
========================================================================
Worker process is ready to serve import requests
Launched and connected shader compiler UnityShaderCompiler.exe after 0.06 seconds
Refreshing native plugins compatible for Editor in 1.06 ms, found 6 plugins.
Preloading 2 native plugins for Editor in 0.10 ms.
Unloading 3593 Unused Serialized files (Serialized files now loaded: 0)
Unloading 47 unused Assets / (87.6 KB). Loaded Objects now: 4365.
Memory consumption went from 141.0 MB to 140.9 MB.
Total: 2.911300 ms (FindLiveObjects: 0.251800 ms CreateObjectMapping: 0.179600 ms MarkObjects: 2.355000 ms  DeleteObjects: 0.124200 ms)

AssetImportParameters requested are different than current active one (requested -> active):
  custom:video-decoder-ogg-theora: a1e56fd34408186e4bbccfd4996cb3dc -> 
  custom:container-muxer-webm: aa71ff27fc2769a1b78a27578f13a17b -> 
  custom:container-demuxer-webm: 4f35f7cbe854078d1ac9338744f61a02 -> 
  custom:video-encoder-webm-vp8: eb34c28f22e8b96e1ab97ce403110664 -> 
  custom:audio-encoder-webm-vorbis: bf7c407c2cedff20999df2af8eb42d56 -> 
  custom:framework-win-MediaFoundation: 216162199b28c13a410421893ffa2e32 -> 
  custom:container-demuxer-ogg: 62fdf1f143b41e24485cea50d1cbac27 -> 
  custom:video-decoder-webm-vp8: 9c59270c3fd7afecdb556c50c9e8de78 -> 
  custom:audio-decoder-ogg-vorbis: bf7c407c2cedff20999df2af8eb42d56 -> 
========================================================================
Received Import Request.
  Time since last request: 936852.527804 seconds.
  path: Assets/PlantModels/FloweringPlants/Cornflower/flowers bw 1.jpg
  artifactKey: Guid(b9cfb908d5a2b5945a7a34e0bb8ea529) Importer(815301076,1909f56bfc062723c751e8b465ee728b)
Start importing Assets/PlantModels/FloweringPlants/Cornflower/flowers bw 1.jpg using Guid(b9cfb908d5a2b5945a7a34e0bb8ea529) Importer(815301076,1909f56bfc062723c751e8b465ee728b)  -> (artifact id: 'f3c06491ae70e3157ab7e1c48efa44d8') in 0.074511 seconds 
========================================================================
Received Import Request.
  Time since last request: 126.304458 seconds.
  path: Assets/PlantModels/FloweringPlants/Cornflower/Extras/Materials/closed bud.mat
  artifactKey: Guid(a7b6d4fc1f43a384685f48533c6c9d69) Importer(815301076,1909f56bfc062723c751e8b465ee728b)
Start importing Assets/PlantModels/FloweringPlants/Cornflower/Extras/Materials/closed bud.mat using Guid(a7b6d4fc1f43a384685f48533c6c9d69) Importer(815301076,1909f56bfc062723c751e8b465ee728b)  -> (artifact id: 'a578dae57cef29641809374b2e609a7b') in 0.083826 seconds 
========================================================================
Received Import Request.
  Time since last request: 428.586581 seconds.
  path: Assets/PlantModels/FloweringPlants/Marigold/Flower Buds_mm_1.jpg
  artifactKey: Guid(5e85674e4422424458b8d706d8d0b2e3) Importer(815301076,1909f56bfc062723c751e8b465ee728b)
Start importing Assets/PlantModels/FloweringPlants/Marigold/Flower Buds_mm_1.jpg using Guid(5e85674e4422424458b8d706d8d0b2e3) Importer(815301076,1909f56bfc062723c751e8b465ee728b)  -> (artifact id: '93825e261cb6c475e0abdc89126ec3fc') in 0.019781 seconds 
========================================================================
Received Import Request.
  Time since last request: 67.938727 seconds.
  path: Assets/PlantModels/FloweringPlants/Marigold/internal_ground_ao_texture.jpeg
  artifactKey: Guid(6a7044251f0eff9449e7f137513186b6) Importer(815301076,1909f56bfc062723c751e8b465ee728b)
Start importing Assets/PlantModels/FloweringPlants/Marigold/internal_ground_ao_texture.jpeg using Guid(6a7044251f0eff9449e7f137513186b6) Importer(815301076,1909f56bfc062723c751e8b465ee728b)  -> (artifact id: '56fee283598bf4333ca17b7bda58d71d') in 0.015238 seconds 
========================================================================
Received Import Request.
  Time since last request: 103.585571 seconds.
  path: Assets/_TerrainAutoUpgrade/layer_RockSharp 1_DRockSharp 1_N793646612c42751.terrainlayer
  artifactKey: Guid(deef33af23e35fb42b51c99c4130ef88) Importer(815301076,1909f56bfc062723c751e8b465ee728b)
Start importing Assets/_TerrainAutoUpgrade/layer_RockSharp 1_DRockSharp 1_N793646612c42751.terrainlayer using Guid(deef33af23e35fb42b51c99c4130ef88) Importer(815301076,1909f56bfc062723c751e8b465ee728b)  -> (artifact id: 'd5095c6807a8560ef476505336636c75') in 0.017624 seconds 
========================================================================
Received Import Request.
  Time since last request: 321.375167 seconds.
  path: Assets/PlantModels/FloweringPlants/Cornflower/grass4.png
  artifactKey: Guid(e8e61b461d256d3418b4fb16e5d34155) Importer(815301076,1909f56bfc062723c751e8b465ee728b)
Start importing Assets/PlantModels/FloweringPlants/Cornflower/grass4.png using Guid(e8e61b461d256d3418b4fb16e5d34155) Importer(815301076,1909f56bfc062723c751e8b465ee728b)  -> (artifact id: '99034da07cd314df669009b5099b5978') in 0.019540 seconds 
========================================================================
Received Import Request.
  Time since last request: 0.000043 seconds.
  path: Assets/PlantModels/FloweringPlants/Cornflower/stigma.png
  artifactKey: Guid(a0609a43cc969f1438643913111046ba) Importer(815301076,1909f56bfc062723c751e8b465ee728b)
Start importing Assets/PlantModels/FloweringPlants/Cornflower/stigma.png using Guid(a0609a43cc969f1438643913111046ba) Importer(815301076,1909f56bfc062723c751e8b465ee728b)  -> (artifact id: '41175e7f14f0c627370e4a479d483201') in 0.015166 seconds 
========================================================================
Received Import Request.
  Time since last request: 0.000035 seconds.
  path: Assets/PlantModels/FloweringPlants/Cornflower/grass56.png
  artifactKey: Guid(f71ca371840e71149a44210fb01e2e14) Importer(815301076,1909f56bfc062723c751e8b465ee728b)
Start importing Assets/PlantModels/FloweringPlants/Cornflower/grass56.png using Guid(f71ca371840e71149a44210fb01e2e14) Importer(815301076,1909f56bfc062723c751e8b465ee728b)  -> (artifact id: 'badf5c2e28095ede0ded9d077dafb723') in 0.013348 seconds 
Editor requested this worker to shutdown with reason: Scaling down because of idle timeout
AssetImportWorker is now disconnected from the server
Process exiting
Exiting without the bug reporter. Application will terminate with return code 0