Using pre-set license
Built from '2021.3/staging' branch; Version is '2021.3.23f1 (213b516bf396) revision 2177873'; Using compiler version '192829333'; Build Type 'Release'
OS: 'Windows 11  (10.0.22621) 64bit CoreSingleLanguage' Language: 'en' Physical Memory: 16122 MB
BatchMode: 1, IsHumanControllingUs: 0, StartBugReporterOnCrash: 0, Is64bit: 1, IsPro: 1

COMMAND LINE ARGUMENTS:
C:\Program Files\Unity\Hub\Editor\2021.3.23f1\Editor\Unity.exe
-adb2
-batchMode
-noUpm
-name
AssetImportWorker0
-projectPath
C:/Users/user/Desktop/stuff/class/VR/Assignment/Planting-Sim
-logFile
Logs/AssetImportWorker0.log
-srvPort
53157
Successfully changed project path to: C:/Users/user/Desktop/stuff/class/VR/Assignment/Planting-Sim
C:/Users/user/Desktop/stuff/class/VR/Assignment/Planting-Sim
[UnityMemory] Configuration Parameters - Can be set up in boot.config
    "memorysetup-bucket-allocator-granularity=16"
    "memorysetup-bucket-allocator-bucket-count=8"
    "memorysetup-bucket-allocator-block-size=33554432"
    "memorysetup-bucket-allocator-block-count=8"
    "memorysetup-main-allocator-block-size=16777216"
    "memorysetup-thread-allocator-block-size=16777216"
    "memorysetup-gfx-main-allocator-block-size=16777216"
    "memorysetup-gfx-thread-allocator-block-size=16777216"
    "memorysetup-cache-allocator-block-size=4194304"
    "memorysetup-typetree-allocator-block-size=2097152"
    "memorysetup-profiler-bucket-allocator-granularity=16"
    "memorysetup-profiler-bucket-allocator-bucket-count=8"
    "memorysetup-profiler-bucket-allocator-block-size=33554432"
    "memorysetup-profiler-bucket-allocator-block-count=8"
    "memorysetup-profiler-allocator-block-size=16777216"
    "memorysetup-profiler-editor-allocator-block-size=1048576"
    "memorysetup-temp-allocator-size-main=16777216"
    "memorysetup-job-temp-allocator-block-size=2097152"
    "memorysetup-job-temp-allocator-block-size-background=1048576"
    "memorysetup-job-temp-allocator-reduction-small-platforms=262144"
    "memorysetup-temp-allocator-size-background-worker=32768"
    "memorysetup-temp-allocator-size-job-worker=262144"
    "memorysetup-temp-allocator-size-preload-manager=33554432"
    "memorysetup-temp-allocator-size-nav-mesh-worker=65536"
    "memorysetup-temp-allocator-size-audio-worker=65536"
    "memorysetup-temp-allocator-size-cloud-worker=32768"
    "memorysetup-temp-allocator-size-gi-baking-worker=262144"
    "memorysetup-temp-allocator-size-gfx=262144"
Player connection [14896] Host "[IP] 26.149.129.224 [Port] 0 [Flags] 2 [Guid] 1721521574 [EditorId] 1721521574 [Version] 1048832 [Id] WindowsEditor(7,BrianWong) [Debug] 1 [PackageName] WindowsEditor [ProjectName] Editor" joined multi-casting on [225.0.0.222:54997]...

Player connection [14896] Host "[IP] 26.149.129.224 [Port] 0 [Flags] 2 [Guid] 1721521574 [EditorId] 1721521574 [Version] 1048832 [Id] WindowsEditor(7,BrianWong) [Debug] 1 [PackageName] WindowsEditor [ProjectName] Editor" joined alternative multi-casting on [225.0.0.222:34997]...

Refreshing native plugins compatible for Editor in 122.31 ms, found 6 plugins.
Preloading 2 native plugins for Editor in 3.48 ms.
Initialize engine version: 2021.3.23f1 (213b516bf396)
[Subsystems] Discovering subsystems at path C:/Program Files/Unity/Hub/Editor/2021.3.23f1/Editor/Data/Resources/UnitySubsystems
[Subsystems] Discovering subsystems at path C:/Users/user/Desktop/stuff/class/VR/Assignment/Planting-Sim/Assets
GfxDevice: creating device client; threaded=0; jobified=0
Direct3D:
    Version:  Direct3D 11.0 [level 11.1]
    Renderer: NVIDIA GeForce RTX 3060 Laptop GPU (ID=0x2520)
    Vendor:   NVIDIA
    VRAM:     6009 MB
    Driver:   31.0.15.3141
Initialize mono
Mono path[0] = 'C:/Program Files/Unity/Hub/Editor/2021.3.23f1/Editor/Data/Managed'
Mono path[1] = 'C:/Program Files/Unity/Hub/Editor/2021.3.23f1/Editor/Data/MonoBleedingEdge/lib/mono/unityjit-win32'
Mono config path = 'C:/Program Files/Unity/Hub/Editor/2021.3.23f1/Editor/Data/MonoBleedingEdge/etc'
Using monoOptions --debugger-agent=transport=dt_socket,embedding=1,server=y,suspend=n,address=127.0.0.1:56904
Begin MonoManager ReloadAssembly
Registering precompiled unity dll's ...
Register platform support module: C:/Program Files/Unity/Hub/Editor/2021.3.23f1/Editor/Data/PlaybackEngines/WebGLSupport/UnityEditor.WebGL.Extensions.dll
Register platform support module: C:/Program Files/Unity/Hub/Editor/2021.3.23f1/Editor/Data/PlaybackEngines/AndroidPlayer/UnityEditor.Android.Extensions.dll
Register platform support module: C:/Program Files/Unity/Hub/Editor/2021.3.23f1/Editor/Data/PlaybackEngines/WindowsStandaloneSupport/UnityEditor.WindowsStandalone.Extensions.dll
Registered in 0.004652 seconds.
Native extension for WindowsStandalone target not found
Native extension for Android target not found
Android Extension - Scanning For ADB Devices 260 ms
Native extension for WebGL target not found
Refreshing native plugins compatible for Editor in 87.90 ms, found 6 plugins.
Preloading 2 native plugins for Editor in 0.19 ms.
Mono: successfully reloaded assembly
- Completed reload, in  1.024 seconds
Domain Reload Profiling:
	ReloadAssembly (1025ms)
		BeginReloadAssembly (87ms)
			ExecutionOrderSort (0ms)
			DisableScriptedObjects (0ms)
			BackupInstance (0ms)
			ReleaseScriptingObjects (0ms)
			CreateAndSetChildDomain (1ms)
		EndReloadAssembly (831ms)
			LoadAssemblies (86ms)
			RebuildTransferFunctionScriptingTraits (0ms)
			SetupTypeCache (132ms)
			ReleaseScriptCaches (0ms)
			RebuildScriptCaches (46ms)
			SetupLoadedEditorAssemblies (594ms)
				LogAssemblyErrors (0ms)
				InitializePlatformSupportModulesInManaged (354ms)
				SetLoadedEditorAssemblies (0ms)
				RefreshPlugins (88ms)
				BeforeProcessingInitializeOnLoad (2ms)
				ProcessInitializeOnLoadAttributes (102ms)
				ProcessInitializeOnLoadMethodAttributes (47ms)
				AfterProcessingInitializeOnLoad (0ms)
				EditorAssembliesLoaded (0ms)
			ExecutionOrderSort2 (0ms)
			AwakeInstancesAfterBackupRestoration (0ms)
Platform modules already initialized, skipping
Registering precompiled user dll's ...
Registered in 0.008033 seconds.
Begin MonoManager ReloadAssembly
Symbol file LoadedFromMemory doesn't match image C:\Users\user\Desktop\stuff\class\VR\Assignment\Planting-Sim\Library\PackageCache\com.unity.visualscripting@1.8.0\Editor\VisualScripting.Core\Dependencies\DotNetZip\Unity.VisualScripting.IonicZip.dll
Symbol file LoadedFromMemory doesn't match image C:\Users\user\Desktop\stuff\class\VR\Assignment\Planting-Sim\Library\PackageCache\com.unity.visualscripting@1.8.0\Editor\VisualScripting.Core\Dependencies\YamlDotNet\Unity.VisualScripting.YamlDotNet.dll
Native extension for WindowsStandalone target not found
Native extension for Android target not found
Native extension for WebGL target not found
Refreshing native plugins compatible for Editor in 113.77 ms, found 6 plugins.
Preloading 2 native plugins for Editor in 0.17 ms.
Package Manager log level set to [2]
Mono: successfully reloaded assembly
- Completed reload, in  1.272 seconds
Domain Reload Profiling:
	ReloadAssembly (1273ms)
		BeginReloadAssembly (123ms)
			ExecutionOrderSort (0ms)
			DisableScriptedObjects (6ms)
			BackupInstance (0ms)
			ReleaseScriptingObjects (0ms)
			CreateAndSetChildDomain (22ms)
		EndReloadAssembly (1037ms)
			LoadAssemblies (99ms)
			RebuildTransferFunctionScriptingTraits (0ms)
			SetupTypeCache (331ms)
			ReleaseScriptCaches (1ms)
			RebuildScriptCaches (73ms)
			SetupLoadedEditorAssemblies (489ms)
				LogAssemblyErrors (0ms)
				InitializePlatformSupportModulesInManaged (20ms)
				SetLoadedEditorAssemblies (0ms)
				RefreshPlugins (114ms)
				BeforeProcessingInitializeOnLoad (102ms)
				ProcessInitializeOnLoadAttributes (222ms)
				ProcessInitializeOnLoadMethodAttributes (26ms)
				AfterProcessingInitializeOnLoad (5ms)
				EditorAssembliesLoaded (0ms)
			ExecutionOrderSort2 (0ms)
			AwakeInstancesAfterBackupRestoration (6ms)
Platform modules already initialized, skipping
========================================================================
Worker process is ready to serve import requests
Launched and connected shader compiler UnityShaderCompiler.exe after 0.05 seconds
Refreshing native plugins compatible for Editor in 1.24 ms, found 6 plugins.
Preloading 2 native plugins for Editor in 0.25 ms.
Unloading 3593 Unused Serialized files (Serialized files now loaded: 0)
Unloading 47 unused Assets / (87.4 KB). Loaded Objects now: 4357.
Memory consumption went from 129.0 MB to 128.9 MB.
Total: 3.102200 ms (FindLiveObjects: 0.436300 ms CreateObjectMapping: 0.222800 ms MarkObjects: 2.331900 ms  DeleteObjects: 0.109900 ms)

AssetImportParameters requested are different than current active one (requested -> active):
  custom:video-decoder-ogg-theora: a1e56fd34408186e4bbccfd4996cb3dc -> 
  custom:container-muxer-webm: aa71ff27fc2769a1b78a27578f13a17b -> 
  custom:container-demuxer-webm: 4f35f7cbe854078d1ac9338744f61a02 -> 
  custom:video-encoder-webm-vp8: eb34c28f22e8b96e1ab97ce403110664 -> 
  custom:video-codec-MediaFoundation-h265: 746d11721c4dcdbdad8f713fa42b33f4 -> 
  custom:audio-encoder-webm-vorbis: bf7c407c2cedff20999df2af8eb42d56 -> 
  custom:framework-win-MediaFoundation: 216162199b28c13a410421893ffa2e32 -> 
  custom:container-demuxer-ogg: 62fdf1f143b41e24485cea50d1cbac27 -> 
  custom:video-decoder-webm-vp8: 9c59270c3fd7afecdb556c50c9e8de78 -> 
  custom:audio-decoder-ogg-vorbis: bf7c407c2cedff20999df2af8eb42d56 -> 
========================================================================
Received Import Request.
  Time since last request: 7009.011867 seconds.
  path: Assets/GUI
  artifactKey: Guid(adae0ca4129f10f4094108a3039a3b70) Importer(815301076,1909f56bfc062723c751e8b465ee728b)
Start importing Assets/GUI using Guid(adae0ca4129f10f4094108a3039a3b70) Importer(815301076,1909f56bfc062723c751e8b465ee728b)  -> (artifact id: '945eadd08c4f694cb2ab0bd42aa6c564') in 0.014850 seconds 
========================================================================
Received Import Request.
  Time since last request: 4.998966 seconds.
  path: Assets/GUI/Sprites
  artifactKey: Guid(214b362e22e974240befb33e22fdd61a) Importer(815301076,1909f56bfc062723c751e8b465ee728b)
Start importing Assets/GUI/Sprites using Guid(214b362e22e974240befb33e22fdd61a) Importer(815301076,1909f56bfc062723c751e8b465ee728b)  -> (artifact id: '0b87f7284c016f35513601f3dc644b37') in 0.009150 seconds 
========================================================================
Received Import Request.
  Time since last request: 9.324141 seconds.
  path: Assets/GUI/Buttons/buttonClicked.png
  artifactKey: Guid(dad5187293a3ae74c9acba4aa02c4485) Importer(815301076,1909f56bfc062723c751e8b465ee728b)
Start importing Assets/GUI/Buttons/buttonClicked.png using Guid(dad5187293a3ae74c9acba4aa02c4485) Importer(815301076,1909f56bfc062723c751e8b465ee728b)  -> (artifact id: '6624d56d3168c982e3ecd72670bdfe51') in 0.167750 seconds 
========================================================================
Received Import Request.
  Time since last request: 1.035356 seconds.
  path: Assets/GUI/Money Stack.png
  artifactKey: Guid(4bdabda7fe14b874f8adee13c89ca385) Importer(815301076,1909f56bfc062723c751e8b465ee728b)
Start importing Assets/GUI/Money Stack.png using Guid(4bdabda7fe14b874f8adee13c89ca385) Importer(815301076,1909f56bfc062723c751e8b465ee728b)  -> (artifact id: 'a492d93d1998ed29902d4b5eeca19c10') in 0.029779 seconds 
========================================================================
Received Import Request.
  Time since last request: 59.045390 seconds.
  path: Assets/GUI/Sprites/Money Stack.png
  artifactKey: Guid(4bdabda7fe14b874f8adee13c89ca385) Importer(815301076,1909f56bfc062723c751e8b465ee728b)
Start importing Assets/GUI/Sprites/Money Stack.png using Guid(4bdabda7fe14b874f8adee13c89ca385) Importer(815301076,1909f56bfc062723c751e8b465ee728b)  -> (artifact id: '04e405800fe87a01e3b3672118be7a9a') in 0.027041 seconds 
========================================================================
Received Import Request.
  Time since last request: 202.829440 seconds.
  path: Assets/Money Stack.png
  artifactKey: Guid(640a60d83bf832744aea6ea84c7f2531) Importer(815301076,1909f56bfc062723c751e8b465ee728b)
Start importing Assets/Money Stack.png using Guid(640a60d83bf832744aea6ea84c7f2531) Importer(815301076,1909f56bfc062723c751e8b465ee728b)  -> (artifact id: '77f2a2b4eeea99c674d59425b75b2037') in 0.010034 seconds 
========================================================================
Received Import Request.
  Time since last request: 110.844247 seconds.
  path: Assets/GUI/Sprites/Money Stack.png
  artifactKey: Guid(640a60d83bf832744aea6ea84c7f2531) Importer(815301076,1909f56bfc062723c751e8b465ee728b)
Start importing Assets/GUI/Sprites/Money Stack.png using Guid(640a60d83bf832744aea6ea84c7f2531) Importer(815301076,1909f56bfc062723c751e8b465ee728b)  -> (artifact id: '5fa68b3801e5a72437716e757a15e807') in 0.022476 seconds 
========================================================================
Received Import Request.
  Time since last request: 20.728828 seconds.
  path: Assets/GUI/Sprites/Money Stack.png
  artifactKey: Guid(640a60d83bf832744aea6ea84c7f2531) Importer(815301076,1909f56bfc062723c751e8b465ee728b)
Start importing Assets/GUI/Sprites/Money Stack.png using Guid(640a60d83bf832744aea6ea84c7f2531) Importer(815301076,1909f56bfc062723c751e8b465ee728b)  -> (artifact id: '0663f17f325e45ec25db122b9dd4ab62') in 0.006754 seconds 
========================================================================
Received Import Request.
  Time since last request: 7.265896 seconds.
  path: Assets/GUI/Sprites/Money Stack.png
  artifactKey: Guid(640a60d83bf832744aea6ea84c7f2531) Importer(815301076,1909f56bfc062723c751e8b465ee728b)
Start importing Assets/GUI/Sprites/Money Stack.png using Guid(640a60d83bf832744aea6ea84c7f2531) Importer(815301076,1909f56bfc062723c751e8b465ee728b)  -> (artifact id: '8626a3ebc734c47727f2a9ffb099b715') in 0.013585 seconds 
========================================================================
Received Import Request.
  Time since last request: 1131.280023 seconds.
  path: Assets/GUI/Sprites/spourt.png
  artifactKey: Guid(7594afa6915f37f408fe269fb1302e08) Importer(815301076,1909f56bfc062723c751e8b465ee728b)
Start importing Assets/GUI/Sprites/spourt.png using Guid(7594afa6915f37f408fe269fb1302e08) Importer(815301076,1909f56bfc062723c751e8b465ee728b)  -> (artifact id: '464c8f845a85972991d393a92211a110') in 0.100491 seconds 
========================================================================
Received Import Request.
  Time since last request: 818.462958 seconds.
  path: Assets/GUI/Sprites/SproutHideUI.png
  artifactKey: Guid(c59d53412bf301b46b5e2963d0283e61) Importer(815301076,1909f56bfc062723c751e8b465ee728b)
Start importing Assets/GUI/Sprites/SproutHideUI.png using Guid(c59d53412bf301b46b5e2963d0283e61) Importer(815301076,1909f56bfc062723c751e8b465ee728b)  -> (artifact id: '45d74aaba16ed1bc5a696972adca2976') in 0.083414 seconds 
========================================================================
Received Import Request.
  Time since last request: 461.104127 seconds.
  path: Assets/GUI/Sprites/SproutHideUI.png
  artifactKey: Guid(c59d53412bf301b46b5e2963d0283e61) Importer(815301076,1909f56bfc062723c751e8b465ee728b)
Start importing Assets/GUI/Sprites/SproutHideUI.png using Guid(c59d53412bf301b46b5e2963d0283e61) Importer(815301076,1909f56bfc062723c751e8b465ee728b)  -> (artifact id: 'deb54e0a6347fff3be8b6b5b8720cdc0') in 0.103630 seconds 
========================================================================
Received Import Request.
  Time since last request: 1066.409179 seconds.
  path: Assets/GUI/Sprites/Water Can.png
  artifactKey: Guid(b712dde634da11b4e8e80c1d571fb5ba) Importer(815301076,1909f56bfc062723c751e8b465ee728b)
Start importing Assets/GUI/Sprites/Water Can.png using Guid(b712dde634da11b4e8e80c1d571fb5ba) Importer(815301076,1909f56bfc062723c751e8b465ee728b)  -> (artifact id: 'e465d855dfbf40421806ffd6ede86aef') in 0.120866 seconds 
========================================================================
Received Import Request.
  Time since last request: 2.139757 seconds.
  path: Assets/GUI/Sprites/Water Can 1.png
  artifactKey: Guid(c84b1377b85864748900de45daee2b54) Importer(815301076,1909f56bfc062723c751e8b465ee728b)
Start importing Assets/GUI/Sprites/Water Can 1.png using Guid(c84b1377b85864748900de45daee2b54) Importer(815301076,1909f56bfc062723c751e8b465ee728b)  -> (artifact id: '8851c551b2198f782ede645a0fb7fa9d') in 0.025027 seconds 
========================================================================
Received Import Request.
  Time since last request: 3.366122 seconds.
  path: Assets/GUI/Sprites/Water Can.png
  artifactKey: Guid(c84b1377b85864748900de45daee2b54) Importer(815301076,1909f56bfc062723c751e8b465ee728b)
Start importing Assets/GUI/Sprites/Water Can.png using Guid(c84b1377b85864748900de45daee2b54) Importer(815301076,1909f56bfc062723c751e8b465ee728b)  -> (artifact id: '6f5d0aeef0168343a1997658f798ae40') in 0.028919 seconds 
========================================================================
Received Import Request.
  Time since last request: 20.149377 seconds.
  path: Assets/GUI/Sprites/SproutHideUI.png
  artifactKey: Guid(c59d53412bf301b46b5e2963d0283e61) Importer(815301076,1909f56bfc062723c751e8b465ee728b)
Start importing Assets/GUI/Sprites/SproutHideUI.png using Guid(c59d53412bf301b46b5e2963d0283e61) Importer(815301076,1909f56bfc062723c751e8b465ee728b)  -> (artifact id: 'e87374c76bdc48ecb107e63745b3d7a0') in 0.028771 seconds 
========================================================================
Received Import Request.
  Time since last request: 179.169600 seconds.
  path: Assets/GUI/Sprites/FertilizerUI.png
  artifactKey: Guid(f3ccfc9b94af5874bac9bc818442d946) Importer(815301076,1909f56bfc062723c751e8b465ee728b)
Start importing Assets/GUI/Sprites/FertilizerUI.png using Guid(f3ccfc9b94af5874bac9bc818442d946) Importer(815301076,1909f56bfc062723c751e8b465ee728b)  -> (artifact id: 'b2d035023862266f9e318ce5a3fe81eb') in 0.035016 seconds 
========================================================================
Received Import Request.
  Time since last request: 2533.920728 seconds.
  path: Assets/PBR_Floweringot/Prefabs
  artifactKey: Guid(c4c24eed466a9de4f8a1d1fd985d6941) Importer(815301076,1909f56bfc062723c751e8b465ee728b)
Start importing Assets/PBR_Floweringot/Prefabs using Guid(c4c24eed466a9de4f8a1d1fd985d6941) Importer(815301076,1909f56bfc062723c751e8b465ee728b)  -> (artifact id: '0432c806e3a0fa7ea3df9dedea0f3a8d') in 0.008332 seconds 
========================================================================
Received Import Request.
  Time since last request: 155.651858 seconds.
  path: Assets/NewBehaviourScript.cs
  artifactKey: Guid(4619ef30dcbf595458ca3df5b88d2541) Importer(815301076,1909f56bfc062723c751e8b465ee728b)
Start importing Assets/NewBehaviourScript.cs using Guid(4619ef30dcbf595458ca3df5b88d2541) Importer(815301076,1909f56bfc062723c751e8b465ee728b)  -> (artifact id: 'c672ae150b49a08b42709257b407bc8c') in 0.020560 seconds 
========================================================================
Received Prepare
Registering precompiled user dll's ...
Registered in 0.005896 seconds.
Begin MonoManager ReloadAssembly
Symbol file LoadedFromMemory doesn't match image C:\Users\user\Desktop\stuff\class\VR\Assignment\Planting-Sim\Library\PackageCache\com.unity.visualscripting@1.8.0\Editor\VisualScripting.Core\Dependencies\DotNetZip\Unity.VisualScripting.IonicZip.dll
Symbol file LoadedFromMemory doesn't match image C:\Users\user\Desktop\stuff\class\VR\Assignment\Planting-Sim\Library\PackageCache\com.unity.visualscripting@1.8.0\Editor\VisualScripting.Core\Dependencies\YamlDotNet\Unity.VisualScripting.YamlDotNet.dll
Native extension for WindowsStandalone target not found
Native extension for Android target not found
Native extension for WebGL target not found
Refreshing native plugins compatible for Editor in 0.70 ms, found 6 plugins.
Preloading 2 native plugins for Editor in 0.11 ms.
Mono: successfully reloaded assembly
- Completed reload, in  1.226 seconds
Domain Reload Profiling:
	ReloadAssembly (1227ms)
		BeginReloadAssembly (327ms)
			ExecutionOrderSort (0ms)
			DisableScriptedObjects (14ms)
			BackupInstance (0ms)
			ReleaseScriptingObjects (0ms)
			CreateAndSetChildDomain (146ms)
		EndReloadAssembly (800ms)
			LoadAssemblies (94ms)
			RebuildTransferFunctionScriptingTraits (0ms)
			SetupTypeCache (303ms)
			ReleaseScriptCaches (1ms)
			RebuildScriptCaches (49ms)
			SetupLoadedEditorAssemblies (313ms)
				LogAssemblyErrors (0ms)
				InitializePlatformSupportModulesInManaged (17ms)
				SetLoadedEditorAssemblies (0ms)
				RefreshPlugins (1ms)
				BeforeProcessingInitializeOnLoad (76ms)
				ProcessInitializeOnLoadAttributes (196ms)
				ProcessInitializeOnLoadMethodAttributes (18ms)
				AfterProcessingInitializeOnLoad (4ms)
				EditorAssembliesLoaded (0ms)
			ExecutionOrderSort2 (0ms)
			AwakeInstancesAfterBackupRestoration (6ms)
Platform modules already initialized, skipping
Refreshing native plugins compatible for Editor in 3.15 ms, found 6 plugins.
Preloading 2 native plugins for Editor in 0.07 ms.
Unloading 3564 Unused Serialized files (Serialized files now loaded: 0)
Unloading 39 unused Assets / (54.4 KB). Loaded Objects now: 4371.
Memory consumption went from 131.2 MB to 131.2 MB.
Total: 3.438800 ms (FindLiveObjects: 0.240800 ms CreateObjectMapping: 0.191600 ms MarkObjects: 2.883000 ms  DeleteObjects: 0.122100 ms)

AssetImportParameters requested are different than current active one (requested -> active):
  custom:video-decoder-ogg-theora: a1e56fd34408186e4bbccfd4996cb3dc -> 
  custom:container-muxer-webm: aa71ff27fc2769a1b78a27578f13a17b -> 
  custom:container-demuxer-webm: 4f35f7cbe854078d1ac9338744f61a02 -> 
  custom:video-encoder-webm-vp8: eb34c28f22e8b96e1ab97ce403110664 -> 
  custom:video-codec-MediaFoundation-h265: 746d11721c4dcdbdad8f713fa42b33f4 -> 
  custom:audio-encoder-webm-vorbis: bf7c407c2cedff20999df2af8eb42d56 -> 
  custom:framework-win-MediaFoundation: 216162199b28c13a410421893ffa2e32 -> 
  custom:container-demuxer-ogg: 62fdf1f143b41e24485cea50d1cbac27 -> 
  custom:video-decoder-webm-vp8: 9c59270c3fd7afecdb556c50c9e8de78 -> 
  custom:audio-decoder-ogg-vorbis: bf7c407c2cedff20999df2af8eb42d56 -> 
========================================================================
Received Import Request.
  Time since last request: 15.725731 seconds.
  path: Assets/Scripts
  artifactKey: Guid(f2ce376354de0044ba8b892c53afc39e) Importer(815301076,1909f56bfc062723c751e8b465ee728b)
Start importing Assets/Scripts using Guid(f2ce376354de0044ba8b892c53afc39e) Importer(815301076,1909f56bfc062723c751e8b465ee728b)  -> (artifact id: '5261ed1e8fde9cd65adb48b1cc7ce8f4') in 0.012042 seconds 
